#
# A fatal error has been detected by the Java Runtime Environment:
#
#  EXCEPTION_ACCESS_VIOLATION (0xc0000005) at pc=0x00007ffe10b7c3f9, pid=2560, tid=0x00000000000021d0
#
# JRE version: Java(TM) SE Runtime Environment (8.0_111-b14) (build 1.8.0_111-b14)
# Java VM: Java HotSpot(TM) 64-Bit Server VM (25.111-b14 mixed mode windows-amd64 compressed oops)
# Problematic frame:
# C  [msvcr120.dll+0x3c3f9]
#
# Failed to write core dump. Minidumps are not enabled by default on client versions of Windows
#
# If you would like to submit a bug report, please visit:
#   http://bugreport.java.com/bugreport/crash.jsp
# The crash happened outside the Java Virtual Machine in native code.
# See problematic frame for where to report the bug.
#

---------------  T H R E A D  ---------------

Current thread (0x0000000018a7f800):  JavaThread "pool-2-thread-1" [_thread_in_native, id=8656, stack(0x000000001bf30000,0x000000001c030000)]

siginfo: ExceptionCode=0xc0000005, reading address 0x000000001c470f90

Registers:
RAX=0x000000001c471710, RBX=0x0000000021520a10, RCX=0x0000000000000780, RDX=0xfffffffffaf50580
RSP=0x000000001c02eb88, RBP=0x0000000000000023, RSI=0x000000001c470f90, RDI=0x0000000021520a10
R8 =0x0000000000000780, R9 =0x0000000000000280, R10=0x000000001c470f90, R11=0x0000000021520a10
R12=0x0000000000000000, R13=0x000000001bdbce38, R14=0xfffffffffffff880, R15=0x0000000018a7f800
RIP=0x00007ffe10b7c3f9, EFLAGS=0x0000000000010207

Top of Stack: (sp=0x000000001c02eb88)
0x000000001c02eb88:   0000000000000780 000000001c470f90
0x000000001c02eb98:   00007ffe10d83d5e 0000000000000000
0x000000001c02eba8:   00007ffdf72bc2c6 0000000021450090
0x000000001c02ebb8:   00007ffe10daae70 00007ffe10daae70
0x000000001c02ebc8:   00007ffe10d82fcd 0000000000000000
0x000000001c02ebd8:   000000001c02ee00 0000000021450090
0x000000001c02ebe8:   00007ffe10daae70 00000000000001e0
0x000000001c02ebf8:   ffffffffffffff00 0000000000000001
0x000000001c02ec08:   0000000000000000 00007ffe10daae70
0x000000001c02ec18:   00000000008c3610 000000001c02ee80
0x000000001c02ec28:   00007ffe10d8405b 00000000ffffffff
0x000000001c02ec38:   000000001c02ec70 0000000000000000
0x000000001c02ec48:   00000000d9393b80 00000000d939d201
0x000000001c02ec58:   0000000000000000 000001e000000280
0x000000001c02ec68:   fffffffffffffffe 0000000242ff4010
0x000000001c02ec78:   00000280000001e0 0000000021450090 

Instructions: (pc=0x00007ffe10b7c3f9)
0x00007ffe10b7c3d9:   03 c0 48 3b c8 0f 8c 96 03 00 00 0f ba 25 6c 53
0x00007ffe10b7c3e9:   0a 00 01 73 13 57 56 48 8b f9 49 8b f2 49 8b c8
0x00007ffe10b7c3f9:   f3 a4 5e 5f 49 8b c3 c3 0f ba 25 4f 53 0a 00 02
0x00007ffe10b7c409:   0f 82 56 02 00 00 f6 c1 07 74 36 f6 c1 01 74 0b 


Register to memory mapping:

RAX=0x000000001c471710 is an unknown value
RBX=0x0000000021520a10 is an unknown value
RCX=0x0000000000000780 is an unknown value
RDX=0xfffffffffaf50580 is an unknown value
RSP=0x000000001c02eb88 is pointing into the stack for thread: 0x0000000018a7f800
RBP=0x0000000000000023 is an unknown value
RSI=0x000000001c470f90 is an unknown value
RDI=0x0000000021520a10 is an unknown value
R8 =0x0000000000000780 is an unknown value
R9 =0x0000000000000280 is an unknown value
R10=0x000000001c470f90 is an unknown value
R11=0x0000000021520a10 is an unknown value
R12=0x0000000000000000 is an unknown value
R13=0x000000001bdbce38 is pointing into metadata
R14=0xfffffffffffff880 is an unknown value
R15=0x0000000018a7f800 is a thread


Stack: [0x000000001bf30000,0x000000001c030000],  sp=0x000000001c02eb88,  free space=1018k
Native frames: (J=compiled Java code, j=interpreted, Vv=VM code, C=native code)
C  [msvcr120.dll+0x3c3f9]
C  0x0000000000000780

Java frames: (J=compiled Java code, j=interpreted, Vv=VM code)
j  org.bytedeco.javacpp.opencv_videoio$VideoCapture.retrieve(Lorg/bytedeco/javacpp/opencv_core$Mat;)Z+0
j  org.bytedeco.javacv.OpenCVFrameGrabber.grab()Lorg/bytedeco/javacv/Frame;+13
j  com.bottle.hardware.camera.CameraConnector$1.run()V+32
j  java.util.concurrent.Executors$RunnableAdapter.call()Ljava/lang/Object;+4
j  java.util.concurrent.FutureTask.run()V+42
j  java.util.concurrent.ThreadPoolExecutor.runWorker(Ljava/util/concurrent/ThreadPoolExecutor$Worker;)V+95
j  java.util.concurrent.ThreadPoolExecutor$Worker.run()V+5
j  java.lang.Thread.run()V+11
v  ~StubRoutines::call_stub

---------------  P R O C E S S  ---------------

Java Threads: ( => current thread )
=>0x0000000018a7f800 JavaThread "pool-2-thread-1" [_thread_in_native, id=8656, stack(0x000000001bf30000,0x000000001c030000)]
  0x0000000018a7f000 JavaThread "pool-1-thread-1" [_thread_blocked, id=5200, stack(0x000000001b100000,0x000000001b200000)]
  0x0000000018a7c800 JavaThread "DestroyJavaVM" [_thread_blocked, id=8840, stack(0x00000000028d0000,0x00000000029d0000)]
  0x0000000018a7c000 JavaThread "AWT-EventQueue-0" [_thread_blocked, id=4168, stack(0x000000001a010000,0x000000001a110000)]
  0x0000000018a79800 JavaThread "AWT-Windows" daemon [_thread_in_native, id=9496, stack(0x0000000019e50000,0x0000000019f50000)]
  0x0000000018a7b000 JavaThread "AWT-Shutdown" [_thread_blocked, id=3608, stack(0x0000000019d50000,0x0000000019e50000)]
  0x0000000018a7d800 JavaThread "Java2D Disposer" daemon [_thread_blocked, id=8792, stack(0x0000000019c50000,0x0000000019d50000)]
  0x0000000018b03000 JavaThread "Service Thread" daemon [_thread_blocked, id=9160, stack(0x0000000019170000,0x0000000019270000)]
  0x0000000018a80800 JavaThread "C1 CompilerThread2" daemon [_thread_blocked, id=4636, stack(0x0000000019070000,0x0000000019170000)]
  0x0000000018a75800 JavaThread "C2 CompilerThread1" daemon [_thread_blocked, id=6648, stack(0x0000000018f70000,0x0000000019070000)]
  0x000000001749d800 JavaThread "C2 CompilerThread0" daemon [_thread_blocked, id=6428, stack(0x0000000018e70000,0x0000000018f70000)]
  0x000000001749c800 JavaThread "Attach Listener" daemon [_thread_blocked, id=6252, stack(0x0000000018970000,0x0000000018a70000)]
  0x0000000017439800 JavaThread "Signal Dispatcher" daemon [_thread_blocked, id=9980, stack(0x0000000018870000,0x0000000018970000)]
  0x0000000002acd800 JavaThread "Finalizer" daemon [_thread_blocked, id=9280, stack(0x0000000018690000,0x0000000018790000)]
  0x0000000002ac2000 JavaThread "Reference Handler" daemon [_thread_blocked, id=9452, stack(0x0000000018590000,0x0000000018690000)]

Other Threads:
  0x0000000017407800 VMThread [stack: 0x0000000018490000,0x0000000018590000] [id=4624]
  0x0000000018b60800 WatcherThread [stack: 0x0000000019270000,0x0000000019370000] [id=840]

VM state:not at safepoint (normal execution)

VM Mutex/Monitor currently owned by a thread: None

Heap:
 PSYoungGen      total 36864K, used 14180K [0x00000000d6e00000, 0x00000000d9700000, 0x0000000100000000)
  eden space 31744K, 28% used [0x00000000d6e00000,0x00000000d76de328,0x00000000d8d00000)
  from space 5120K, 99% used [0x00000000d9200000,0x00000000d96fb080,0x00000000d9700000)
  to   space 5120K, 0% used [0x00000000d8d00000,0x00000000d8d00000,0x00000000d9200000)
 ParOldGen       total 84992K, used 6623K [0x0000000084a00000, 0x0000000089d00000, 0x00000000d6e00000)
  object space 84992K, 7% used [0x0000000084a00000,0x0000000085077df8,0x0000000089d00000)
 Metaspace       used 19997K, capacity 20224K, committed 20480K, reserved 1067008K
  class space    used 2364K, capacity 2445K, committed 2560K, reserved 1048576K

Card table byte_map: [0x0000000011e90000,0x0000000012270000] byte_map_base: 0x0000000011a6b000

Marking Bits: (ParMarkBitMap*) 0x000000006c2da6c0
 Begin Bits: [0x0000000012910000, 0x00000000147e8000)
 End Bits:   [0x00000000147e8000, 0x00000000166c0000)

Polling page: 0x0000000000860000

CodeCache: size=245760Kb used=6237Kb max_used=6237Kb free=239522Kb
 bounds [0x0000000002ad0000, 0x00000000030f0000, 0x0000000011ad0000]
 total_blobs=2365 nmethods=1766 adapters=511
 compilation: enabled

Compilation events (10 events):
Event: 19.845 Thread 0x0000000018a80800 1761       1       java.awt.Component::getGraphicsConfiguration_NoClientCode (5 bytes)
Event: 19.845 Thread 0x0000000018a80800 nmethod 1761 0x00000000030e7190 code [0x00000000030e72e0, 0x00000000030e73f0]
Event: 19.848 Thread 0x0000000018a80800 1763       3       java.awt.Rectangle::setLocation (7 bytes)
Event: 19.848 Thread 0x0000000018a80800 nmethod 1763 0x00000000030e6d90 code [0x00000000030e6f00, 0x00000000030e70d0]
Event: 19.848 Thread 0x0000000018a80800 1764       3       java.awt.Rectangle::move (11 bytes)
Event: 19.848 Thread 0x0000000018a80800 nmethod 1764 0x00000000030e6a90 code [0x00000000030e6be0, 0x00000000030e6d30]
Event: 19.850 Thread 0x0000000018a80800 1765       3       sun.java2d.SunGraphics2D::translate (68 bytes)
Event: 19.850 Thread 0x0000000018a80800 nmethod 1765 0x00000000030e64d0 code [0x00000000030e6660, 0x00000000030e69b8]
Event: 19.850 Thread 0x0000000018a80800 1766       3       java.awt.geom.AffineTransform::translate (547 bytes)
Event: 19.851 Thread 0x0000000018a80800 nmethod 1766 0x00000000030ea950 code [0x00000000030eab00, 0x00000000030eb688]

GC Heap History (8 events):
Event: 1.141 GC heap before
{Heap before GC invocations=1 (full 0):
 PSYoungGen      total 36864K, used 31744K [0x00000000d6e00000, 0x00000000d9700000, 0x0000000100000000)
  eden space 31744K, 100% used [0x00000000d6e00000,0x00000000d8d00000,0x00000000d8d00000)
  from space 5120K, 0% used [0x00000000d9200000,0x00000000d9200000,0x00000000d9700000)
  to   space 5120K, 0% used [0x00000000d8d00000,0x00000000d8d00000,0x00000000d9200000)
 ParOldGen       total 84992K, used 0K [0x0000000084a00000, 0x0000000089d00000, 0x00000000d6e00000)
  object space 84992K, 0% used [0x0000000084a00000,0x0000000084a00000,0x0000000089d00000)
 Metaspace       used 12710K, capacity 12874K, committed 13056K, reserved 1060864K
  class space    used 1477K, capacity 1535K, committed 1536K, reserved 1048576K
Event: 1.149 GC heap after
Heap after GC invocations=1 (full 0):
 PSYoungGen      total 36864K, used 5116K [0x00000000d6e00000, 0x00000000d9700000, 0x0000000100000000)
  eden space 31744K, 0% used [0x00000000d6e00000,0x00000000d6e00000,0x00000000d8d00000)
  from space 5120K, 99% used [0x00000000d8d00000,0x00000000d91ff048,0x00000000d9200000)
  to   space 5120K, 0% used [0x00000000d9200000,0x00000000d9200000,0x00000000d9700000)
 ParOldGen       total 84992K, used 320K [0x0000000084a00000, 0x0000000089d00000, 0x00000000d6e00000)
  object space 84992K, 0% used [0x0000000084a00000,0x0000000084a50348,0x0000000089d00000)
 Metaspace       used 12710K, capacity 12874K, committed 13056K, reserved 1060864K
  class space    used 1477K, capacity 1535K, committed 1536K, reserved 1048576K
}
Event: 8.202 GC heap before
{Heap before GC invocations=2 (full 0):
 PSYoungGen      total 36864K, used 36860K [0x00000000d6e00000, 0x00000000d9700000, 0x0000000100000000)
  eden space 31744K, 100% used [0x00000000d6e00000,0x00000000d8d00000,0x00000000d8d00000)
  from space 5120K, 99% used [0x00000000d8d00000,0x00000000d91ff048,0x00000000d9200000)
  to   space 5120K, 0% used [0x00000000d9200000,0x00000000d9200000,0x00000000d9700000)
 ParOldGen       total 84992K, used 320K [0x0000000084a00000, 0x0000000089d00000, 0x00000000d6e00000)
  object space 84992K, 0% used [0x0000000084a00000,0x0000000084a50348,0x0000000089d00000)
 Metaspace       used 18221K, capacity 18394K, committed 18688K, reserved 1064960K
  class space    used 2143K, capacity 2220K, committed 2304K, reserved 1048576K
Event: 8.210 GC heap after
Heap after GC invocations=2 (full 0):
 PSYoungGen      total 36864K, used 4894K [0x00000000d6e00000, 0x00000000d9700000, 0x0000000100000000)
  eden space 31744K, 0% used [0x00000000d6e00000,0x00000000d6e00000,0x00000000d8d00000)
  from space 5120K, 95% used [0x00000000d9200000,0x00000000d96c79c8,0x00000000d9700000)
  to   space 5120K, 0% used [0x00000000d8d00000,0x00000000d8d00000,0x00000000d9200000)
 ParOldGen       total 84992K, used 4434K [0x0000000084a00000, 0x0000000089d00000, 0x00000000d6e00000)
  object space 84992K, 5% used [0x0000000084a00000,0x0000000084e54b58,0x0000000089d00000)
 Metaspace       used 18221K, capacity 18394K, committed 18688K, reserved 1064960K
  class space    used 2143K, capacity 2220K, committed 2304K, reserved 1048576K
}
Event: 14.154 GC heap before
{Heap before GC invocations=3 (full 0):
 PSYoungGen      total 36864K, used 35837K [0x00000000d6e00000, 0x00000000d9700000, 0x0000000100000000)
  eden space 31744K, 97% used [0x00000000d6e00000,0x00000000d8c37ae8,0x00000000d8d00000)
  from space 5120K, 95% used [0x00000000d9200000,0x00000000d96c79c8,0x00000000d9700000)
  to   space 5120K, 0% used [0x00000000d8d00000,0x00000000d8d00000,0x00000000d9200000)
 ParOldGen       total 84992K, used 4434K [0x0000000084a00000, 0x0000000089d00000, 0x00000000d6e00000)
  object space 84992K, 5% used [0x0000000084a00000,0x0000000084e54b58,0x0000000089d00000)
 Metaspace       used 19820K, capacity 19994K, committed 20096K, reserved 1067008K
  class space    used 2342K, capacity 2412K, committed 2432K, reserved 1048576K
Event: 14.161 GC heap after
Heap after GC invocations=3 (full 0):
 PSYoungGen      total 36864K, used 5116K [0x00000000d6e00000, 0x00000000d9700000, 0x0000000100000000)
  eden space 31744K, 0% used [0x00000000d6e00000,0x00000000d6e00000,0x00000000d8d00000)
  from space 5120K, 99% used [0x00000000d8d00000,0x00000000d91ff060,0x00000000d9200000)
  to   space 5120K, 0% used [0x00000000d9200000,0x00000000d9200000,0x00000000d9700000)
 ParOldGen       total 84992K, used 5393K [0x0000000084a00000, 0x0000000089d00000, 0x00000000d6e00000)
  object space 84992K, 6% used [0x0000000084a00000,0x0000000084f446e8,0x0000000089d00000)
 Metaspace       used 19820K, capacity 19994K, committed 20096K, reserved 1067008K
  class space    used 2342K, capacity 2412K, committed 2432K, reserved 1048576K
}
Event: 19.512 GC heap before
{Heap before GC invocations=4 (full 0):
 PSYoungGen      total 36864K, used 36733K [0x00000000d6e00000, 0x00000000d9700000, 0x0000000100000000)
  eden space 31744K, 99% used [0x00000000d6e00000,0x00000000d8ce05b0,0x00000000d8d00000)
  from space 5120K, 99% used [0x00000000d8d00000,0x00000000d91ff060,0x00000000d9200000)
  to   space 5120K, 0% used [0x00000000d9200000,0x00000000d9200000,0x00000000d9700000)
 ParOldGen       total 84992K, used 5393K [0x0000000084a00000, 0x0000000089d00000, 0x00000000d6e00000)
  object space 84992K, 6% used [0x0000000084a00000,0x0000000084f446e8,0x0000000089d00000)
 Metaspace       used 19835K, capacity 19994K, committed 20096K, reserved 1067008K
  class space    used 2342K, capacity 2412K, committed 2432K, reserved 1048576K
Event: 19.518 GC heap after
Heap after GC invocations=4 (full 0):
 PSYoungGen      total 36864K, used 5100K [0x00000000d6e00000, 0x00000000d9700000, 0x0000000100000000)
  eden space 31744K, 0% used [0x00000000d6e00000,0x00000000d6e00000,0x00000000d8d00000)
  from space 5120K, 99% used [0x00000000d9200000,0x00000000d96fb080,0x00000000d9700000)
  to   space 5120K, 0% used [0x00000000d8d00000,0x00000000d8d00000,0x00000000d9200000)
 ParOldGen       total 84992K, used 6623K [0x0000000084a00000, 0x0000000089d00000, 0x00000000d6e00000)
  object space 84992K, 7% used [0x0000000084a00000,0x0000000085077df8,0x0000000089d00000)
 Metaspace       used 19835K, capacity 19994K, committed 20096K, reserved 1067008K
  class space    used 2342K, capacity 2412K, committed 2432K, reserved 1048576K
}

Deoptimization events (10 events):
Event: 1.425 Thread 0x0000000018a7c000 Uncommon trap: reason=bimorphic action=maybe_recompile pc=0x0000000002ea1ffc method=java.util.HashMap.putVal(ILjava/lang/Object;Ljava/lang/Object;ZZ)Ljava/lang/Object; @ 91
Event: 1.642 Thread 0x0000000018a7c000 Uncommon trap: reason=unstable_if action=reinterpret pc=0x0000000002ef4c50 method=java.lang.Class.searchMethods([Ljava/lang/reflect/Method;Ljava/lang/String;[Ljava/lang/Class;)Ljava/lang/reflect/Method; @ 47
Event: 7.798 Thread 0x0000000018a7c000 Uncommon trap: reason=bimorphic action=maybe_recompile pc=0x0000000002fc7c34 method=java.util.HashMap.putVal(ILjava/lang/Object;Ljava/lang/Object;ZZ)Ljava/lang/Object; @ 203
Event: 7.802 Thread 0x0000000018a7c000 Uncommon trap: reason=bimorphic action=maybe_recompile pc=0x0000000002fc7c34 method=java.util.HashMap.putVal(ILjava/lang/Object;Ljava/lang/Object;ZZ)Ljava/lang/Object; @ 203
Event: 7.803 Thread 0x0000000018a7c000 Uncommon trap: reason=bimorphic action=maybe_recompile pc=0x0000000002f675f4 method=java.util.HashMap.putVal(ILjava/lang/Object;Ljava/lang/Object;ZZ)Ljava/lang/Object; @ 203
Event: 10.189 Thread 0x0000000018a7f800 Uncommon trap: reason=unstable_if action=reinterpret pc=0x00000000030acf60 method=java.awt.image.ComponentColorModel.getRGB(Ljava/lang/Object;)I @ 4
Event: 10.212 Thread 0x0000000018a7f800 Uncommon trap: reason=unstable_if action=reinterpret pc=0x00000000030b461c method=com.google.zxing.client.j2se.BufferedImageLuminanceSource.<init>(Ljava/awt/image/BufferedImage;IIII)V @ 106
Event: 12.365 Thread 0x0000000018a7f800 Uncommon trap: reason=unstable_if action=reinterpret pc=0x00000000030ca440 method=com.google.zxing.qrcode.detector.FinderPatternFinder.foundPatternCross([I)Z @ 32
Event: 13.802 Thread 0x0000000018a7f800 Uncommon trap: reason=unstable_if action=reinterpret pc=0x00000000030c4ee4 method=com.google.zxing.qrcode.detector.FinderPatternFinder.foundPatternCross([I)Z @ 32
Event: 19.819 Thread 0x0000000018a7f800 Uncommon trap: reason=unloaded action=reinterpret pc=0x00000000030d510c method=com.google.zxing.qrcode.detector.FinderPatternFinder.find(Ljava/util/Map;)Lcom/google/zxing/qrcode/detector/FinderPatternInfo; @ 487

Internal exceptions (10 events):
Event: 1.562 Thread 0x0000000018a7c000 Exception <a 'java/lang/ClassNotFoundException': com/bottle/hardware/rxtx/SerialCommConnectorCustomizer> (0x00000000d7de7250) thrown at [C:\re\workspace\8-2-build-windows-amd64-cygwin\jdk8u111\7883\hotspot\src\share\vm\classfile\systemDictionary.cpp, line
Event: 1.565 Thread 0x0000000018a7c000 Exception <a 'java/lang/ClassNotFoundException': com/bottle/hardware/rxtx/ISerialCommConnectorCustomizer> (0x00000000d7e24130) thrown at [C:\re\workspace\8-2-build-windows-amd64-cygwin\jdk8u111\7883\hotspot\src\share\vm\classfile\systemDictionary.cpp, lin
Event: 1.570 Thread 0x0000000018a7c000 Exception <a 'java/lang/ClassNotFoundException': org/springframework/context/event/EventListenerMethodProcessorBeanInfo> (0x00000000d7e735a8) thrown at [C:\re\workspace\8-2-build-windows-amd64-cygwin\jdk8u111\7883\hotspot\src\share\vm\classfile\systemDict
Event: 1.572 Thread 0x0000000018a7c000 Exception <a 'java/lang/ClassNotFoundException': org/springframework/context/event/EventListenerMethodProcessorCustomizer> (0x00000000d7ead0c8) thrown at [C:\re\workspace\8-2-build-windows-amd64-cygwin\jdk8u111\7883\hotspot\src\share\vm\classfile\systemDi
Event: 1.574 Thread 0x0000000018a7c000 Exception <a 'java/lang/ClassNotFoundException': org/springframework/beans/factory/SmartInitializingSingletonCustomizer> (0x00000000d7eea0f0) thrown at [C:\re\workspace\8-2-build-windows-amd64-cygwin\jdk8u111\7883\hotspot\src\share\vm\classfile\systemDict
Event: 1.576 Thread 0x0000000018a7c000 Exception <a 'java/lang/ClassNotFoundException': org/springframework/context/ApplicationContextAwareCustomizer> (0x00000000d7f20ae0) thrown at [C:\re\workspace\8-2-build-windows-amd64-cygwin\jdk8u111\7883\hotspot\src\share\vm\classfile\systemDictionary.cp
Event: 1.578 Thread 0x0000000018a7c000 Exception <a 'java/lang/ClassNotFoundException': org/springframework/context/event/DefaultEventListenerFactoryBeanInfo> (0x00000000d7f5f878) thrown at [C:\re\workspace\8-2-build-windows-amd64-cygwin\jdk8u111\7883\hotspot\src\share\vm\classfile\systemDicti
Event: 1.580 Thread 0x0000000018a7c000 Exception <a 'java/lang/ClassNotFoundException': org/springframework/context/event/DefaultEventListenerFactoryCustomizer> (0x00000000d7f98de0) thrown at [C:\re\workspace\8-2-build-windows-amd64-cygwin\jdk8u111\7883\hotspot\src\share\vm\classfile\systemDic
Event: 1.583 Thread 0x0000000018a7c000 Exception <a 'java/lang/ClassNotFoundException': org/springframework/context/event/EventListenerFactoryCustomizer> (0x00000000d7fd8290) thrown at [C:\re\workspace\8-2-build-windows-amd64-cygwin\jdk8u111\7883\hotspot\src\share\vm\classfile\systemDictionary
Event: 1.585 Thread 0x0000000018a7c000 Exception <a 'java/lang/ClassNotFoundException': org/springframework/core/OrderedCustomizer> (0x00000000d8009b40) thrown at [C:\re\workspace\8-2-build-windows-amd64-cygwin\jdk8u111\7883\hotspot\src\share\vm\classfile\systemDictionary.cpp, line 210]

Events (10 events):
Event: 19.841 loading class com/google/zxing/Result
Event: 19.841 loading class com/google/zxing/Result done
Event: 19.842 loading class com/google/zxing/BarcodeFormat
Event: 19.842 loading class com/google/zxing/BarcodeFormat done
Event: 19.842 loading class com/google/zxing/ResultMetadataType
Event: 19.842 loading class com/google/zxing/ResultMetadataType done
Event: 19.843 loading class java/util/EnumMap
Event: 19.843 loading class java/util/EnumMap done
Event: 19.843 loading class java/util/EnumMap$1
Event: 19.843 loading class java/util/EnumMap$1 done


Dynamic libraries:
0x00007ff606550000 - 0x00007ff606587000 	C:\Program Files\Java\jdk1.8.0_111\bin\javaw.exe
0x00007ffe22ed0000 - 0x00007ffe23091000 	C:\WINDOWS\SYSTEM32\ntdll.dll
0x00007ffe22e20000 - 0x00007ffe22ecd000 	C:\WINDOWS\system32\KERNEL32.DLL
0x00007ffe1fbd0000 - 0x00007ffe1fdb8000 	C:\WINDOWS\system32\KERNELBASE.dll
0x00007ffe21040000 - 0x00007ffe210e7000 	C:\WINDOWS\system32\ADVAPI32.dll
0x00007ffe206e0000 - 0x00007ffe2077d000 	C:\WINDOWS\system32\msvcrt.dll
0x00007ffe207f0000 - 0x00007ffe2084b000 	C:\WINDOWS\system32\sechost.dll
0x00007ffe202d0000 - 0x00007ffe203ec000 	C:\WINDOWS\system32\RPCRT4.dll
0x00007ffe22a60000 - 0x00007ffe22bb6000 	C:\WINDOWS\system32\USER32.dll
0x00007ffe20490000 - 0x00007ffe20616000 	C:\WINDOWS\system32\GDI32.dll
0x00007ffe1b560000 - 0x00007ffe1b7d4000 	C:\WINDOWS\WinSxS\amd64_microsoft.windows.common-controls_6595b64144ccf1df_6.0.10586.494_none_a2d8b04ea53e3145\COMCTL32.dll
0x00007ffe21280000 - 0x00007ffe214fd000 	C:\WINDOWS\system32\combase.dll
0x00007ffe20260000 - 0x00007ffe202ca000 	C:\WINDOWS\system32\bcryptPrimitives.dll
0x00007ffe20450000 - 0x00007ffe2048b000 	C:\WINDOWS\system32\IMM32.DLL
0x000000006d5c0000 - 0x000000006d692000 	C:\Program Files\Java\jdk1.8.0_111\jre\bin\msvcr100.dll
0x000000006bac0000 - 0x000000006c35a000 	C:\Program Files\Java\jdk1.8.0_111\jre\bin\server\jvm.dll
0x00007ffe21110000 - 0x00007ffe21118000 	C:\WINDOWS\system32\PSAPI.DLL
0x00007ffe1dc70000 - 0x00007ffe1dc93000 	C:\WINDOWS\SYSTEM32\WINMM.dll
0x00007ffe1b880000 - 0x00007ffe1b88a000 	C:\WINDOWS\SYSTEM32\VERSION.dll
0x00007ffe127f0000 - 0x00007ffe127f9000 	C:\WINDOWS\SYSTEM32\WSOCK32.dll
0x0000000000830000 - 0x000000000085c000 	C:\WINDOWS\SYSTEM32\WINMMBASE.dll
0x00007ffe20780000 - 0x00007ffe207eb000 	C:\WINDOWS\system32\WS2_32.dll
0x00007ffe20210000 - 0x00007ffe20253000 	C:\WINDOWS\system32\cfgmgr32.dll
0x000000006d5b0000 - 0x000000006d5bf000 	C:\Program Files\Java\jdk1.8.0_111\jre\bin\verify.dll
0x000000006d580000 - 0x000000006d5a9000 	C:\Program Files\Java\jdk1.8.0_111\jre\bin\java.dll
0x000000006d560000 - 0x000000006d576000 	C:\Program Files\Java\jdk1.8.0_111\jre\bin\zip.dll
0x00007ffe21500000 - 0x00007ffe22a5c000 	C:\WINDOWS\system32\SHELL32.dll
0x00007ffe1f580000 - 0x00007ffe1fbc5000 	C:\WINDOWS\system32\windows.storage.dll
0x00007ffe203f0000 - 0x00007ffe20442000 	C:\WINDOWS\system32\shlwapi.dll
0x00007ffe1f510000 - 0x00007ffe1f51f000 	C:\WINDOWS\system32\kernel.appcore.dll
0x00007ffe1fe70000 - 0x00007ffe1ff25000 	C:\WINDOWS\system32\shcore.dll
0x00007ffe1f520000 - 0x00007ffe1f56b000 	C:\WINDOWS\system32\powrprof.dll
0x00007ffe1f4f0000 - 0x00007ffe1f504000 	C:\WINDOWS\system32\profapi.dll
0x000000006ce90000 - 0x000000006d028000 	C:\Program Files\Java\jdk1.8.0_111\jre\bin\awt.dll
0x00007ffe20f70000 - 0x00007ffe21031000 	C:\WINDOWS\system32\OLEAUT32.dll
0x00007ffe1db70000 - 0x00007ffe1dbe9000 	C:\WINDOWS\system32\apphelp.dll
0x00007ffe1ddc0000 - 0x00007ffe1de56000 	C:\WINDOWS\system32\uxtheme.dll
0x00007ffe20850000 - 0x00007ffe209aa000 	C:\WINDOWS\system32\MSCTF.dll
0x00007ffe1d450000 - 0x00007ffe1d472000 	C:\WINDOWS\system32\dwmapi.dll
0x00007ffe21130000 - 0x00007ffe21273000 	C:\WINDOWS\system32\ole32.dll
0x000000006ce40000 - 0x000000006ce87000 	C:\Program Files\Java\jdk1.8.0_111\jre\bin\fontmanager.dll
0x000000006d540000 - 0x000000006d55a000 	C:\Program Files\Java\jdk1.8.0_111\jre\bin\net.dll
0x00007ffe1ee20000 - 0x00007ffe1ee7c000 	C:\WINDOWS\system32\mswsock.dll
0x000000006ce20000 - 0x000000006ce31000 	C:\Program Files\Java\jdk1.8.0_111\jre\bin\nio.dll
0x000000006cdd0000 - 0x000000006ce12000 	C:\Program Files\Java\jdk1.8.0_111\jre\bin\t2k.dll
0x00007ffe10b40000 - 0x00007ffe10c2f000 	C:\Users\Rainman\AppData\Local\Temp\javacpp6451154249320\msvcr120.dll
0x00007ffe00640000 - 0x00007ffe006e6000 	C:\Users\Rainman\AppData\Local\Temp\javacpp6451154249320\msvcp120.dll
0x00007ffdf71a0000 - 0x00007ffdf7419000 	C:\Users\Rainman\AppData\Local\Temp\javacpp6451154249320\opencv_core310.dll
0x00007ffdf6e50000 - 0x00007ffdf7191000 	C:\Users\Rainman\AppData\Local\Temp\javacpp6451154249320\opencv_imgproc310.dll
0x00007ffdf6c50000 - 0x00007ffdf6e48000 	C:\Users\Rainman\AppData\Local\Temp\javacpp6451154249320\jniopencv_core.dll
0x00007ffe00590000 - 0x00007ffe00636000 	C:\Users\Rainman\AppData\Local\Temp\javacpp6451154249320\jniopencv_imgproc.dll
0x00007ffdf6980000 - 0x00007ffdf6c48000 	C:\Users\Rainman\AppData\Local\Temp\javacpp6451154249320\opencv_imgcodecs310.dll
0x00007ffe10dc0000 - 0x00007ffe10ddc000 	C:\Users\Rainman\AppData\Local\Temp\javacpp6451154249320\jniopencv_imgcodecs.dll
0x00007ffe10d60000 - 0x00007ffe10db3000 	C:\Users\Rainman\AppData\Local\Temp\javacpp6451154249320\opencv_videoio310.dll
0x00007ffe10b20000 - 0x00007ffe10b38000 	C:\WINDOWS\SYSTEM32\AVICAP32.dll
0x00007ffe10d40000 - 0x00007ffe10d60000 	C:\WINDOWS\SYSTEM32\AVIFIL32.dll
0x00007ffe10af0000 - 0x00007ffe10b19000 	C:\WINDOWS\SYSTEM32\MSVFW32.dll
0x00007ffe13e60000 - 0x00007ffe13e7c000 	C:\WINDOWS\SYSTEM32\MSACM32.dll
0x00007ffe10ad0000 - 0x00007ffe10ae7000 	C:\Users\Rainman\AppData\Local\Temp\javacpp6451154249320\jniopencv_videoio.dll
0x00007ffe22bc0000 - 0x00007ffe22c67000 	C:\WINDOWS\system32\clbcatq.dll
0x00007ffe10170000 - 0x00007ffe10188000 	C:\Windows\System32\devenum.dll
0x00007ffe20b40000 - 0x00007ffe20f69000 	C:\WINDOWS\system32\setupapi.dll
0x00007ffe1ea40000 - 0x00007ffe1ea71000 	C:\WINDOWS\SYSTEM32\ntmarta.dll
0x00007ffe1df10000 - 0x00007ffe1df37000 	C:\WINDOWS\SYSTEM32\DEVOBJ.dll
0x00007ffe201b0000 - 0x00007ffe20205000 	C:\WINDOWS\system32\WINTRUST.dll
0x00007ffe1f570000 - 0x00007ffe1f580000 	C:\WINDOWS\system32\MSASN1.dll
0x00007ffe1ffc0000 - 0x00007ffe20188000 	C:\WINDOWS\system32\CRYPT32.dll
0x00007ffe1cec0000 - 0x00007ffe1ceca000 	C:\WINDOWS\SYSTEM32\msdmo.dll
0x00007ffe0f250000 - 0x00007ffe0f284000 	C:\Windows\System32\qcap.dll
0x00007ffdf67b0000 - 0x00007ffdf697e000 	C:\Windows\System32\quartz.dll
0x00007ffe1eff0000 - 0x00007ffe1effb000 	C:\Windows\System32\CRYPTBASE.dll
0x00007ffe1f0f0000 - 0x00007ffe1f119000 	C:\Windows\System32\bcrypt.dll
0x00007ffe0ef00000 - 0x00007ffe0ef4f000 	C:\Windows\System32\ksproxy.ax
0x00007ffe13e90000 - 0x00007ffe13e98000 	C:\Windows\System32\ksuser.dll
0x00007ffdf65a0000 - 0x00007ffdf67b0000 	C:\Windows\System32\d3d9.dll
0x00007ffe13580000 - 0x00007ffe135d5000 	C:\WINDOWS\SYSTEM32\policymanager.dll
0x00007ffe134d0000 - 0x00007ffe13562000 	C:\Windows\System32\msvcp110_win.dll
0x00007ffe12260000 - 0x00007ffe1226e000 	C:\Windows\System32\vidcap.ax
0x00007ffe0edc0000 - 0x00007ffe0ede7000 	C:\Windows\System32\kswdmcap.ax
0x00007ffdf6430000 - 0x00007ffdf65a0000 	C:\Windows\System32\MFC42.dll
0x00007ffdfd5f0000 - 0x00007ffdfd6a0000 	C:\Windows\System32\ODBC32.dll
0x00007ffe1eba0000 - 0x00007ffe1ebaa000 	C:\Windows\System32\DPAPI.dll
0x0000000180000000 - 0x0000000180017000 	C:\WINDOWS\SYSTEM32\DextUVCb_x64.ax
0x00007ffdf6380000 - 0x00007ffdf642b000 	C:\Windows\System32\qedit.dll
0x00007ffe20a30000 - 0x00007ffe20b3b000 	C:\WINDOWS\system32\COMDLG32.dll
0x00007ffe1ff30000 - 0x00007ffe1ffb6000 	C:\WINDOWS\system32\FirewallAPI.dll
0x00007ffe20190000 - 0x00007ffe201a7000 	C:\WINDOWS\system32\NETAPI32.dll
0x00007ffe1b550000 - 0x00007ffe1b55c000 	C:\Windows\System32\DAVHLPR.DLL
0x00007ffe1b3a0000 - 0x00007ffe1b548000 	C:\WINDOWS\WinSxS\amd64_microsoft.windows.gdiplus_6595b64144ccf1df_1.1.10586.545_none_d3c4a617ffcfbffc\gdiplus.dll
0x00007ffe1e2d0000 - 0x00007ffe1e302000 	C:\WINDOWS\system32\fwbase.dll
0x00007ffe05d90000 - 0x00007ffe05e8a000 	C:\Windows\System32\DDRAW.dll
0x00007ffe061f0000 - 0x00007ffe061f8000 	C:\Windows\System32\DCIMAN32.dll
0x00007ffe05910000 - 0x00007ffe05a9c000 	C:\WINDOWS\SYSTEM32\dbghelp.dll

VM Arguments:
jvm_args: -Dfile.encoding=GBK 
java_command: com.bottle.app.BottleUIApp
java_class_path (initial): D:\eclipses\java-neon2\workspace\controllerUI\target\classes;D:\eclipses\java-neon2\workspace\controllerUI\jgoodies-common-1.8.0.jar;D:\eclipses\java-neon2\workspace\controllerUI\jgoodies-forms-1.8.0.jar;D:\CloudStorage\web\maven\repository\org\springframework\spring-context\4.3.3.RELEASE\spring-context-4.3.3.RELEASE.jar;D:\CloudStorage\web\maven\repository\org\springframework\spring-expression\4.3.3.RELEASE\spring-expression-4.3.3.RELEASE.jar;D:\CloudStorage\web\maven\repository\org\springframework\spring-core\4.3.3.RELEASE\spring-core-4.3.3.RELEASE.jar;D:\CloudStorage\web\maven\repository\commons-logging\commons-logging\1.2\commons-logging-1.2.jar;D:\CloudStorage\web\maven\repository\org\springframework\spring-beans\4.3.3.RELEASE\spring-beans-4.3.3.RELEASE.jar;D:\CloudStorage\web\maven\repository\org\springframework\spring-aop\4.3.3.RELEASE\spring-aop-4.3.3.RELEASE.jar;D:\CloudStorage\web\maven\repository\log4j\log4j\1.2.17\log4j-1.2.17.jar;D:\CloudStorage\web\maven\repository\junit\junit\4.12\junit-4.12.jar;D:\CloudStorage\web\maven\repository\org\hamcrest\hamcrest-core\1.3\hamcrest-core-1.3.jar;D:\CloudStorage\web\maven\repository\org\apache\maven\surefire\surefire-junit47\2.19.1\surefire-junit47-2.19.1.jar;D:\CloudStorage\web\maven\repository\org\apache\maven\surefire\common-junit48\2.19.1\common-junit48-2.19.1.jar;D:\CloudStorage\web\maven\repository\org\apache\maven\surefire\common-junit4\2.19.1\common-junit4-2.19.1.jar;D:\CloudStorage\web\maven\repository\org\apache\maven\surefire\common-junit3\2.19.1\common-junit3-2.19.1.jar;D:\CloudStorage\web\maven\repository\org\apache\maven\surefire\common-java5\2.19.1\common-java5-2.19.1.jar;D:\CloudStorage\web\maven\repository\org\apache\maven\shared\maven-shared-utils\0.9\maven-shared-utils-0.9.jar;D:\CloudStorage\web\maven\repository\com\google\code\findbugs\jsr305\2.0.1\jsr305-2.0.1.jar;D:\CloudStorage\web\maven\repository\org\apache\maven\surefire\surefire-grouper\2.19.1\surefire-group
Launcher Type: SUN_STANDARD

Environment Variables:
JAVA_HOME=C:\Program Files\Java\jdk1.8.0_111
PATH=C:/Program Files/Java/jre1.8.0_111/bin/server;C:/Program Files/Java/jre1.8.0_111/bin;C:/Program Files/Java/jre1.8.0_111/lib/amd64;C:\ProgramData\Oracle\Java\javapath;C:\WINDOWS\system32;C:\WINDOWS;C:\WINDOWS\System32\Wbem;C:\WINDOWS\System32\WindowsPowerShell\v1.0\;C:\Program Files\Git\cmd;C:\Program Files\OpenVPN\bin;D:\CloudStorage\web\maven\apache-maven-3.1.0\bin;D:\eclipses\java-neon2\eclipse;
USERNAME=Rainman
OS=Windows_NT
PROCESSOR_IDENTIFIER=Intel64 Family 6 Model 69 Stepping 1, GenuineIntel



---------------  S Y S T E M  ---------------

OS: Windows 10.0 , 64 bit Build 10586 (10.0.10586.0)

CPU:total 4 (2 cores per cpu, 2 threads per core) family 6 model 69 stepping 1, cmov, cx8, fxsr, mmx, sse, sse2, sse3, ssse3, sse4.1, sse4.2, popcnt, avx, avx2, clmul, erms, lzcnt, ht, tsc, tscinvbit, bmi1, bmi2

Memory: 4k page, physical 8085308k(5275492k free), swap 16998204k(12702132k free)

vm_info: Java HotSpot(TM) 64-Bit Server VM (25.111-b14) for windows-amd64 JRE (1.8.0_111-b14), built on Sep 22 2016 19:24:05 by "java_re" with MS VC++ 10.0 (VS2010)

time: Thu Nov 03 19:46:59 2016
elapsed time: 19 seconds (0d 0h 0m 19s)

