#
# A fatal error has been detected by the Java Runtime Environment:
#
#  EXCEPTION_ACCESS_VIOLATION (0xc0000005) at pc=0x00007ffb233bc3f9, pid=12712, tid=0x00000000000013c8
#
# JRE version: Java(TM) SE Runtime Environment (8.0_111-b14) (build 1.8.0_111-b14)
# Java VM: Java HotSpot(TM) 64-Bit Server VM (25.111-b14 mixed mode windows-amd64 compressed oops)
# Problematic frame:
# C  [msvcr120.dll+0x3c3f9]
#
# Failed to write core dump. Minidumps are not enabled by default on client versions of Windows
#
# If you would like to submit a bug report, please visit:
#   http://bugreport.java.com/bugreport/crash.jsp
# The crash happened outside the Java Virtual Machine in native code.
# See problematic frame for where to report the bug.
#

---------------  T H R E A D  ---------------

Current thread (0x000000001bdeb800):  JavaThread "pool-2-thread-1" [_thread_in_native, id=5064, stack(0x0000000020690000,0x0000000020790000)]

siginfo: ExceptionCode=0xc0000005, reading address 0x00000000225b8ee0

Registers:
RAX=0x00000000225b9380, RBX=0x0000000027a3dd20, RCX=0x00000000000004a0, RDX=0xfffffffffab7aee0
RSP=0x000000002078e608, RBP=0x000000000000007a, RSI=0x00000000225b8ee0, RDI=0x0000000027a3e000
R8 =0x0000000000000780, R9 =0x0000000000000280, R10=0x00000000225b8c00, R11=0x0000000027a3dd20
R12=0x0000000000000000, R13=0x0000000000a76070, R14=0xfffffffffffff880, R15=0x000000001bdeb800
RIP=0x00007ffb233bc3f9, EFLAGS=0x0000000000010207

Top of Stack: (sp=0x000000002078e608)
0x000000002078e608:   0000000000000780 00000000225b8c00
0x000000002078e618:   00007ffb22e83d5e 0000000000000000
0x000000002078e628:   00007ffb1d15c2c6 0000000027996020
0x000000002078e638:   00007ffb22eaae70 00007ffb22eaae70
0x000000002078e648:   00007ffb22e82fcd 0000000000000000
0x000000002078e658:   000000002078e900 0000000027996020
0x000000002078e668:   00007ffb22eaae70 00000000000001e0
0x000000002078e678:   ffffffffffffff00 000000001a80e101
0x000000002078e688:   000000001bdeb9f8 00007ffb22eaae70
0x000000002078e698:   000000001d660320 000000002078e900
0x000000002078e6a8:   00007ffb22e8405b 00000000ffffffff
0x000000002078e6b8:   000000002078e6f0 0000000000000000
0x000000002078e6c8:   000000001bdeb800 0000000003568901
0x000000002078e6d8:   0000000000000000 000001e000000280
0x000000002078e6e8:   fffffffffffffffe 0000000242ff4010
0x000000002078e6f8:   00000280000001e0 0000000027996020 

Instructions: (pc=0x00007ffb233bc3f9)
0x00007ffb233bc3d9:   03 c0 48 3b c8 0f 8c 96 03 00 00 0f ba 25 6c 53
0x00007ffb233bc3e9:   0a 00 01 73 13 57 56 48 8b f9 49 8b f2 49 8b c8
0x00007ffb233bc3f9:   f3 a4 5e 5f 49 8b c3 c3 0f ba 25 4f 53 0a 00 02
0x00007ffb233bc409:   0f 82 56 02 00 00 f6 c1 07 74 36 f6 c1 01 74 0b 


Register to memory mapping:

RAX=0x00000000225b9380 is an unknown value
RBX=0x0000000027a3dd20 is an unknown value
RCX=0x00000000000004a0 is an unknown value
RDX=0xfffffffffab7aee0 is an unknown value
RSP=0x000000002078e608 is pointing into the stack for thread: 0x000000001bdeb800
RBP=0x000000000000007a is an unknown value
RSI=0x00000000225b8ee0 is an unknown value
RDI=0x0000000027a3e000 is an unknown value
R8 =0x0000000000000780 is an unknown value
R9 =0x0000000000000280 is an unknown value
R10=0x00000000225b8c00 is an unknown value
R11=0x0000000027a3dd20 is an unknown value
R12=0x0000000000000000 is an unknown value
R13={method} {0x0000000000a76078} 'allocate' '()V' in 'org/bytedeco/javacpp/opencv_core$Mat'
R14=0xfffffffffffff880 is an unknown value
R15=0x000000001bdeb800 is a thread


Stack: [0x0000000020690000,0x0000000020790000],  sp=0x000000002078e608,  free space=1017k
Native frames: (J=compiled Java code, j=interpreted, Vv=VM code, C=native code)
C  [msvcr120.dll+0x3c3f9]
C  0x0000000000000780

Java frames: (J=compiled Java code, j=interpreted, Vv=VM code)
J 3304  org.bytedeco.javacpp.opencv_videoio$VideoCapture.retrieve(Lorg/bytedeco/javacpp/opencv_core$Mat;)Z (0 bytes) @ 0x000000000356498f [0x0000000003564940+0x4f]
J 3303 C1 org.bytedeco.javacv.OpenCVFrameGrabber.grab()Lorg/bytedeco/javacv/Frame; (227 bytes) @ 0x0000000003565c14 [0x00000000035659e0+0x234]
j  com.bottle.hardware.camera.CameraConnector$1.run()V+32
j  java.util.concurrent.Executors$RunnableAdapter.call()Ljava/lang/Object;+4
j  java.util.concurrent.FutureTask.run()V+42
j  java.util.concurrent.ThreadPoolExecutor.runWorker(Ljava/util/concurrent/ThreadPoolExecutor$Worker;)V+95
j  java.util.concurrent.ThreadPoolExecutor$Worker.run()V+5
j  java.lang.Thread.run()V+11
v  ~StubRoutines::call_stub

---------------  P R O C E S S  ---------------

Java Threads: ( => current thread )
  0x00000000197a2000 JavaThread "Timer-0" [_thread_blocked, id=12424, stack(0x0000000027350000,0x0000000027450000)]
  0x000000001979c800 JavaThread "TimerQueue" daemon [_thread_blocked, id=8668, stack(0x0000000021960000,0x0000000021a60000)]
  0x000000001bdea000 JavaThread "pool-5-thread-1" [_thread_blocked, id=10616, stack(0x0000000020890000,0x0000000020990000)]
  0x000000001afa4800 JavaThread "pool-4-thread-1" [_thread_blocked, id=11736, stack(0x0000000020790000,0x0000000020890000)]
=>0x000000001bdeb800 JavaThread "pool-2-thread-1" [_thread_in_native, id=5064, stack(0x0000000020690000,0x0000000020790000)]
  0x000000001cacd800 JavaThread "Thread-2" [_thread_in_native, id=13860, stack(0x0000000020590000,0x0000000020690000)]
  0x000000001da23800 JavaThread "pool-1-thread-1" [_thread_blocked, id=12428, stack(0x000000001fc90000,0x000000001fd90000)]
  0x00000000029e4800 JavaThread "DestroyJavaVM" [_thread_blocked, id=15988, stack(0x0000000002580000,0x0000000002680000)]
  0x0000000019818000 JavaThread "AWT-EventQueue-0" [_thread_blocked, id=14448, stack(0x000000001a340000,0x000000001a440000)]
  0x0000000019817000 JavaThread "AWT-Windows" daemon [_thread_in_native, id=14920, stack(0x000000001a160000,0x000000001a260000)]
  0x00000000197c2000 JavaThread "AWT-Shutdown" [_thread_blocked, id=8376, stack(0x000000001a060000,0x000000001a160000)]
  0x00000000197bd800 JavaThread "Java2D Disposer" daemon [_thread_blocked, id=6940, stack(0x0000000019f60000,0x000000001a060000)]
  0x0000000018a46000 JavaThread "Service Thread" daemon [_thread_blocked, id=14152, stack(0x0000000019480000,0x0000000019580000)]
  0x00000000189b7800 JavaThread "C1 CompilerThread2" daemon [_thread_blocked, id=11256, stack(0x0000000019380000,0x0000000019480000)]
  0x00000000189ac800 JavaThread "C2 CompilerThread1" daemon [_thread_blocked, id=4504, stack(0x0000000019280000,0x0000000019380000)]
  0x00000000189a6800 JavaThread "C2 CompilerThread0" daemon [_thread_blocked, id=11324, stack(0x0000000019180000,0x0000000019280000)]
  0x00000000189a5000 JavaThread "JDWP Command Reader" daemon [_thread_in_native, id=6480, stack(0x0000000019080000,0x0000000019180000)]
  0x0000000018997000 JavaThread "JDWP Event Helper Thread" daemon [_thread_blocked, id=5944, stack(0x0000000018f80000,0x0000000019080000)]
  0x0000000018994800 JavaThread "JDWP Transport Listener: dt_socket" daemon [_thread_blocked, id=15892, stack(0x0000000018e80000,0x0000000018f80000)]
  0x0000000018980800 JavaThread "Attach Listener" daemon [_thread_blocked, id=3704, stack(0x0000000018d80000,0x0000000018e80000)]
  0x0000000017462000 JavaThread "Signal Dispatcher" daemon [_thread_blocked, id=11916, stack(0x0000000018880000,0x0000000018980000)]
  0x000000001743a800 JavaThread "Finalizer" daemon [_thread_blocked, id=11352, stack(0x00000000186a0000,0x00000000187a0000)]
  0x0000000017419000 JavaThread "Reference Handler" daemon [_thread_blocked, id=4356, stack(0x00000000185a0000,0x00000000186a0000)]

Other Threads:
  0x0000000017417800 VMThread [stack: 0x00000000184a0000,0x00000000185a0000] [id=13808]
  0x0000000018a51800 WatcherThread [stack: 0x0000000019580000,0x0000000019680000] [id=5088]

VM state:not at safepoint (normal execution)

VM Mutex/Monitor currently owned by a thread: None

Heap:
 PSYoungGen      total 43520K, used 17009K [0x00000000d6e00000, 0x00000000da100000, 0x0000000100000000)
  eden space 37888K, 31% used [0x00000000d6e00000,0x00000000d7998e48,0x00000000d9300000)
  from space 5632K, 91% used [0x00000000d9380000,0x00000000d9883990,0x00000000d9900000)
  to   space 7168K, 0% used [0x00000000d9a00000,0x00000000d9a00000,0x00000000da100000)
 ParOldGen       total 56832K, used 19409K [0x0000000084a00000, 0x0000000088180000, 0x00000000d6e00000)
  object space 56832K, 34% used [0x0000000084a00000,0x0000000085cf4400,0x0000000088180000)
 Metaspace       used 27157K, capacity 27470K, committed 27648K, reserved 1073152K
  class space    used 3178K, capacity 3265K, committed 3328K, reserved 1048576K

Card table byte_map: [0x0000000011ea0000,0x0000000012280000] byte_map_base: 0x0000000011a7b000

Marking Bits: (ParMarkBitMap*) 0x00000000512ea6c0
 Begin Bits: [0x0000000012920000, 0x00000000147f8000)
 End Bits:   [0x00000000147f8000, 0x00000000166d0000)

Polling page: 0x0000000000dc0000

CodeCache: size=245760Kb used=10969Kb max_used=10969Kb free=234790Kb
 bounds [0x0000000002ae0000, 0x00000000035b0000, 0x0000000011ae0000]
 total_blobs=3641 nmethods=2982 adapters=579
 compilation: enabled

Compilation events (10 events):
Event: 188.580 Thread 0x00000000189b7800 3363       3       sun.java2d.SunGraphics2D::clip (35 bytes)
Event: 188.580 Thread 0x00000000189b7800 nmethod 3363 0x0000000003592310 code [0x00000000035924a0, 0x00000000035928a8]
Event: 188.580 Thread 0x00000000189b7800 3364       1       javax.swing.AbstractButton::isContentAreaFilled (5 bytes)
Event: 188.580 Thread 0x00000000189b7800 nmethod 3364 0x0000000003592050 code [0x00000000035921a0, 0x00000000035922b0]
Event: 188.580 Thread 0x00000000189b7800 3365       3       sun.java2d.SunGraphics2D::drawImage (23 bytes)
Event: 188.581 Thread 0x00000000189b7800 nmethod 3365 0x0000000003594c10 code [0x0000000003594d80, 0x0000000003595008]
Event: 188.581 Thread 0x00000000189b7800 3366   !   3       sun.java2d.SunGraphics2D::drawImage (305 bytes)
Event: 188.583 Thread 0x00000000189b7800 nmethod 3366 0x000000000359f050 code [0x000000000359f2c0, 0x00000000035a0aa8]
Event: 188.583 Thread 0x00000000189b7800 3367       3       javax.swing.plaf.metal.MetalLookAndFeel::getCurrentTheme (88 bytes)
Event: 188.585 Thread 0x00000000189b7800 nmethod 3367 0x00000000035a1710 code [0x00000000035a19a0, 0x00000000035a2848]

GC Heap History (10 events):
Event: 185.105 GC heap before
{Heap before GC invocations=16 (full 1):
 PSYoungGen      total 44544K, used 43439K [0x00000000d6e00000, 0x00000000da380000, 0x0000000100000000)
  eden space 40448K, 99% used [0x00000000d6e00000,0x00000000d9536678,0x00000000d9580000)
  from space 4096K, 80% used [0x00000000d9f80000,0x00000000da2b5980,0x00000000da380000)
  to   space 7168K, 0% used [0x00000000d9580000,0x00000000d9580000,0x00000000d9c80000)
 ParOldGen       total 56832K, used 19377K [0x0000000084a00000, 0x0000000088180000, 0x00000000d6e00000)
  object space 56832K, 34% used [0x0000000084a00000,0x0000000085cec400,0x0000000088180000)
 Metaspace       used 26962K, capacity 27278K, committed 27648K, reserved 1073152K
  class space    used 3158K, capacity 3265K, committed 3328K, reserved 1048576K
Event: 185.108 GC heap after
Heap after GC invocations=16 (full 1):
 PSYoungGen      total 45056K, used 5079K [0x00000000d6e00000, 0x00000000da300000, 0x0000000100000000)
  eden space 39936K, 0% used [0x00000000d6e00000,0x00000000d6e00000,0x00000000d9500000)
  from space 5120K, 99% used [0x00000000d9580000,0x00000000d9a75c60,0x00000000d9a80000)
  to   space 7168K, 0% used [0x00000000d9c00000,0x00000000d9c00000,0x00000000da300000)
 ParOldGen       total 56832K, used 19377K [0x0000000084a00000, 0x0000000088180000, 0x00000000d6e00000)
  object space 56832K, 34% used [0x0000000084a00000,0x0000000085cec400,0x0000000088180000)
 Metaspace       used 26962K, capacity 27278K, committed 27648K, reserved 1073152K
  class space    used 3158K, capacity 3265K, committed 3328K, reserved 1048576K
}
Event: 185.934 GC heap before
{Heap before GC invocations=17 (full 1):
 PSYoungGen      total 45056K, used 45015K [0x00000000d6e00000, 0x00000000da300000, 0x0000000100000000)
  eden space 39936K, 100% used [0x00000000d6e00000,0x00000000d9500000,0x00000000d9500000)
  from space 5120K, 99% used [0x00000000d9580000,0x00000000d9a75c60,0x00000000d9a80000)
  to   space 7168K, 0% used [0x00000000d9c00000,0x00000000d9c00000,0x00000000da300000)
 ParOldGen       total 56832K, used 19377K [0x0000000084a00000, 0x0000000088180000, 0x00000000d6e00000)
  object space 56832K, 34% used [0x0000000084a00000,0x0000000085cec400,0x0000000088180000)
 Metaspace       used 26977K, capacity 27278K, committed 27648K, reserved 1073152K
  class space    used 3158K, capacity 3265K, committed 3328K, reserved 1048576K
Event: 185.940 GC heap after
Heap after GC invocations=17 (full 1):
 PSYoungGen      total 46080K, used 5109K [0x00000000d6e00000, 0x00000000da280000, 0x0000000100000000)
  eden space 39424K, 0% used [0x00000000d6e00000,0x00000000d6e00000,0x00000000d9480000)
  from space 6656K, 76% used [0x00000000d9c00000,0x00000000da0fd580,0x00000000da280000)
  to   space 7168K, 0% used [0x00000000d9480000,0x00000000d9480000,0x00000000d9b80000)
 ParOldGen       total 56832K, used 19385K [0x0000000084a00000, 0x0000000088180000, 0x00000000d6e00000)
  object space 56832K, 34% used [0x0000000084a00000,0x0000000085cee400,0x0000000088180000)
 Metaspace       used 26977K, capacity 27278K, committed 27648K, reserved 1073152K
  class space    used 3158K, capacity 3265K, committed 3328K, reserved 1048576K
}
Event: 186.754 GC heap before
{Heap before GC invocations=18 (full 1):
 PSYoungGen      total 46080K, used 44310K [0x00000000d6e00000, 0x00000000da280000, 0x0000000100000000)
  eden space 39424K, 99% used [0x00000000d6e00000,0x00000000d94483a8,0x00000000d9480000)
  from space 6656K, 76% used [0x00000000d9c00000,0x00000000da0fd580,0x00000000da280000)
  to   space 7168K, 0% used [0x00000000d9480000,0x00000000d9480000,0x00000000d9b80000)
 ParOldGen       total 56832K, used 19385K [0x0000000084a00000, 0x0000000088180000, 0x00000000d6e00000)
  object space 56832K, 34% used [0x0000000084a00000,0x0000000085cee400,0x0000000088180000)
 Metaspace       used 27017K, capacity 27278K, committed 27648K, reserved 1073152K
  class space    used 3158K, capacity 3265K, committed 3328K, reserved 1048576K
Event: 186.758 GC heap after
Heap after GC invocations=18 (full 1):
 PSYoungGen      total 46080K, used 6322K [0x00000000d6e00000, 0x00000000da300000, 0x0000000100000000)
  eden space 38912K, 0% used [0x00000000d6e00000,0x00000000d6e00000,0x00000000d9400000)
  from space 7168K, 88% used [0x00000000d9480000,0x00000000d9aacaa0,0x00000000d9b80000)
  to   space 7680K, 0% used [0x00000000d9b80000,0x00000000d9b80000,0x00000000da300000)
 ParOldGen       total 56832K, used 19393K [0x0000000084a00000, 0x0000000088180000, 0x00000000d6e00000)
  object space 56832K, 34% used [0x0000000084a00000,0x0000000085cf0400,0x0000000088180000)
 Metaspace       used 27017K, capacity 27278K, committed 27648K, reserved 1073152K
  class space    used 3158K, capacity 3265K, committed 3328K, reserved 1048576K
}
Event: 187.552 GC heap before
{Heap before GC invocations=19 (full 1):
 PSYoungGen      total 46080K, used 44594K [0x00000000d6e00000, 0x00000000da300000, 0x0000000100000000)
  eden space 38912K, 98% used [0x00000000d6e00000,0x00000000d935fe38,0x00000000d9400000)
  from space 7168K, 88% used [0x00000000d9480000,0x00000000d9aacaa0,0x00000000d9b80000)
  to   space 7680K, 0% used [0x00000000d9b80000,0x00000000d9b80000,0x00000000da300000)
 ParOldGen       total 56832K, used 19393K [0x0000000084a00000, 0x0000000088180000, 0x00000000d6e00000)
  object space 56832K, 34% used [0x0000000084a00000,0x0000000085cf0400,0x0000000088180000)
 Metaspace       used 27060K, capacity 27342K, committed 27648K, reserved 1073152K
  class space    used 3163K, capacity 3265K, committed 3328K, reserved 1048576K
Event: 187.555 GC heap after
Heap after GC invocations=19 (full 1):
 PSYoungGen      total 45568K, used 5182K [0x00000000d6e00000, 0x00000000da280000, 0x0000000100000000)
  eden space 38400K, 0% used [0x00000000d6e00000,0x00000000d6e00000,0x00000000d9380000)
  from space 7168K, 72% used [0x00000000d9b80000,0x00000000da08f9a0,0x00000000da280000)
  to   space 7680K, 0% used [0x00000000d9380000,0x00000000d9380000,0x00000000d9b00000)
 ParOldGen       total 56832K, used 19401K [0x0000000084a00000, 0x0000000088180000, 0x00000000d6e00000)
  object space 56832K, 34% used [0x0000000084a00000,0x0000000085cf2400,0x0000000088180000)
 Metaspace       used 27060K, capacity 27342K, committed 27648K, reserved 1073152K
  class space    used 3163K, capacity 3265K, committed 3328K, reserved 1048576K
}
Event: 188.352 GC heap before
{Heap before GC invocations=20 (full 1):
 PSYoungGen      total 45568K, used 43084K [0x00000000d6e00000, 0x00000000da280000, 0x0000000100000000)
  eden space 38400K, 98% used [0x00000000d6e00000,0x00000000d9303788,0x00000000d9380000)
  from space 7168K, 72% used [0x00000000d9b80000,0x00000000da08f9a0,0x00000000da280000)
  to   space 7680K, 0% used [0x00000000d9380000,0x00000000d9380000,0x00000000d9b00000)
 ParOldGen       total 56832K, used 19401K [0x0000000084a00000, 0x0000000088180000, 0x00000000d6e00000)
  object space 56832K, 34% used [0x0000000084a00000,0x0000000085cf2400,0x0000000088180000)
 Metaspace       used 27065K, capacity 27342K, committed 27648K, reserved 1073152K
  class space    used 3163K, capacity 3265K, committed 3328K, reserved 1048576K
Event: 188.355 GC heap after
Heap after GC invocations=20 (full 1):
 PSYoungGen      total 43520K, used 5134K [0x00000000d6e00000, 0x00000000da100000, 0x0000000100000000)
  eden space 37888K, 0% used [0x00000000d6e00000,0x00000000d6e00000,0x00000000d9300000)
  from space 5632K, 91% used [0x00000000d9380000,0x00000000d9883990,0x00000000d9900000)
  to   space 7168K, 0% used [0x00000000d9a00000,0x00000000d9a00000,0x00000000da100000)
 ParOldGen       total 56832K, used 19409K [0x0000000084a00000, 0x0000000088180000, 0x00000000d6e00000)
  object space 56832K, 34% used [0x0000000084a00000,0x0000000085cf4400,0x0000000088180000)
 Metaspace       used 27065K, capacity 27342K, committed 27648K, reserved 1073152K
  class space    used 3163K, capacity 3265K, committed 3328K, reserved 1048576K
}

Deoptimization events (10 events):
Event: 177.439 Thread 0x000000001bdeb800 Uncommon trap: reason=unstable_if action=reinterpret pc=0x00000000032dbe30 method=java.io.ByteArrayInputStream.read([BII)I @ 63
Event: 177.572 Thread 0x000000001bdeb800 Uncommon trap: reason=unstable_if action=reinterpret pc=0x0000000003208aa0 method=org.bytedeco.javacv.Java2DFrameConverter.flipCopyWithGamma(Ljava/nio/ByteBuffer;ILjava/nio/ByteBuffer;IZDZI)V @ 50
Event: 177.572 Thread 0x000000001bdeb800 Uncommon trap: reason=unstable_if action=reinterpret pc=0x000000000347a8d0 method=java.awt.image.ComponentColorModel.getRGB(Ljava/lang/Object;)I @ 4
Event: 177.603 Thread 0x000000001bdeb800 Uncommon trap: reason=unstable_if action=reinterpret pc=0x000000000349bc04 method=com.google.zxing.client.j2se.BufferedImageLuminanceSource.<init>(Ljava/awt/image/BufferedImage;IIII)V @ 106
Event: 177.605 Thread 0x000000001bdeb800 Uncommon trap: reason=unstable_if action=reinterpret pc=0x000000000349f8ec method=com.google.zxing.common.HybridBinarizer.calculateBlackPoints([BIIII)[[I @ 320
Event: 177.684 Thread 0x000000001bdeb800 Uncommon trap: reason=unstable_if action=reinterpret pc=0x00000000034b3b20 method=com.google.zxing.qrcode.detector.FinderPatternFinder.find(Ljava/util/Map;)Lcom/google/zxing/qrcode/detector/FinderPatternInfo; @ 429
Event: 177.832 Thread 0x000000001bdeb800 Uncommon trap: reason=unstable_if action=reinterpret pc=0x00000000034a9684 method=com.google.zxing.qrcode.detector.FinderPatternFinder.find(Ljava/util/Map;)Lcom/google/zxing/qrcode/detector/FinderPatternInfo; @ 429
Event: 178.882 Thread 0x000000001bdeb800 Uncommon trap: reason=unstable_if action=reinterpret pc=0x00000000034c079c method=com.google.zxing.qrcode.detector.FinderPatternFinder.foundPatternCross([I)Z @ 32
Event: 187.525 Thread 0x000000001bdeb800 Uncommon trap: reason=unstable_if action=reinterpret pc=0x00000000034d2ac4 method=com.google.zxing.qrcode.detector.FinderPatternFinder.find(Ljava/util/Map;)Lcom/google/zxing/qrcode/detector/FinderPatternInfo; @ 108
Event: 187.603 Thread 0x000000001bdeb800 Uncommon trap: reason=unstable_if action=reinterpret pc=0x00000000034c3524 method=com.google.zxing.qrcode.detector.FinderPatternFinder.foundPatternCross([I)Z @ 32

Internal exceptions (10 events):
Event: 3.243 Thread 0x0000000019818000 Exception <a 'java/lang/ClassNotFoundException': org/springframework/beans/factory/SmartInitializingSingletonCustomizer> (0x00000000d88c0678) thrown at [C:\re\workspace\8-2-build-windows-amd64-cygwin\jdk8u111\7883\hotspot\src\share\vm\classfile\systemDict
Event: 3.245 Thread 0x0000000019818000 Exception <a 'java/lang/ClassNotFoundException': org/springframework/context/ApplicationContextAwareCustomizer> (0x00000000d88f8288) thrown at [C:\re\workspace\8-2-build-windows-amd64-cygwin\jdk8u111\7883\hotspot\src\share\vm\classfile\systemDictionary.cp
Event: 3.248 Thread 0x0000000019818000 Exception <a 'java/lang/ClassNotFoundException': org/springframework/context/event/DefaultEventListenerFactoryBeanInfo> (0x00000000d895fdc8) thrown at [C:\re\workspace\8-2-build-windows-amd64-cygwin\jdk8u111\7883\hotspot\src\share\vm\classfile\systemDicti
Event: 3.250 Thread 0x0000000019818000 Exception <a 'java/lang/ClassNotFoundException': org/springframework/context/event/DefaultEventListenerFactoryCustomizer> (0x00000000d899a780) thrown at [C:\re\workspace\8-2-build-windows-amd64-cygwin\jdk8u111\7883\hotspot\src\share\vm\classfile\systemDic
Event: 3.251 Thread 0x0000000019818000 Exception <a 'java/lang/ArrayIndexOutOfBoundsException': 118> (0x00000000d899db40) thrown at [C:\re\workspace\8-2-build-windows-amd64-cygwin\jdk8u111\7883\hotspot\src\share\vm\interpreter\interpreterRuntime.cpp, line 366]
Event: 3.251 Thread 0x0000000019818000 Exception <a 'java/lang/ArrayIndexOutOfBoundsException': 93> (0x00000000d899f588) thrown at [C:\re\workspace\8-2-build-windows-amd64-cygwin\jdk8u111\7883\hotspot\src\share\vm\interpreter\interpreterRuntime.cpp, line 366]
Event: 3.253 Thread 0x0000000019818000 Exception <a 'java/lang/ClassNotFoundException': org/springframework/context/event/EventListenerFactoryCustomizer> (0x00000000d8a52868) thrown at [C:\re\workspace\8-2-build-windows-amd64-cygwin\jdk8u111\7883\hotspot\src\share\vm\classfile\systemDictionary
Event: 3.253 Thread 0x0000000019818000 Exception <a 'java/lang/ArrayIndexOutOfBoundsException': 118> (0x00000000d8a54ab0) thrown at [C:\re\workspace\8-2-build-windows-amd64-cygwin\jdk8u111\7883\hotspot\src\share\vm\interpreter\interpreterRuntime.cpp, line 366]
Event: 3.255 Thread 0x0000000019818000 Exception <a 'java/lang/ClassNotFoundException': org/springframework/core/OrderedCustomizer> (0x00000000d8a85258) thrown at [C:\re\workspace\8-2-build-windows-amd64-cygwin\jdk8u111\7883\hotspot\src\share\vm\classfile\systemDictionary.cpp, line 210]
Event: 3.294 Thread 0x000000001bdea000 Implicit null exception at 0x000000000315370e to 0x0000000003154785

Events (10 events):
Event: 188.552 loading class com/google/zxing/ResultMetadataType
Event: 188.552 loading class com/google/zxing/ResultMetadataType done
Event: 188.552 Thread 0x000000001bdeb800 DEOPT PACKING pc=0x0000000002d19ec1 sp=0x000000002078d2e0
Event: 188.552 Thread 0x000000001bdeb800 DEOPT UNPACKING pc=0x0000000002b2787f sp=0x000000002078d030 mode 1
Event: 188.552 Thread 0x000000001bdeb800 DEOPT PACKING pc=0x0000000002c812dc sp=0x000000002078d360
Event: 188.552 Thread 0x000000001bdeb800 DEOPT UNPACKING pc=0x0000000002b2787f sp=0x000000002078d180 mode 1
Event: 188.552 Thread 0x000000001bdeb800 DEOPT PACKING pc=0x0000000002c81074 sp=0x000000002078d4f0
Event: 188.552 Thread 0x000000001bdeb800 DEOPT UNPACKING pc=0x0000000002b2787f sp=0x000000002078d310 mode 1
Event: 188.553 loading class java/util/EnumMap$1
Event: 188.553 loading class java/util/EnumMap$1 done


Dynamic libraries:
0x00007ff78c390000 - 0x00007ff78c3c7000 	C:\Program Files\Java\jdk1.8.0_111\bin\javaw.exe
0x00007ffb48570000 - 0x00007ffb48731000 	C:\WINDOWS\SYSTEM32\ntdll.dll
0x00007ffb45970000 - 0x00007ffb45a1d000 	C:\WINDOWS\system32\KERNEL32.DLL
0x00007ffb44d60000 - 0x00007ffb44f48000 	C:\WINDOWS\system32\KERNELBASE.dll
0x00007ffb46f60000 - 0x00007ffb47007000 	C:\WINDOWS\system32\ADVAPI32.dll
0x00007ffb46ab0000 - 0x00007ffb46b4d000 	C:\WINDOWS\system32\msvcrt.dll
0x00007ffb45c70000 - 0x00007ffb45ccb000 	C:\WINDOWS\system32\sechost.dll
0x00007ffb46bb0000 - 0x00007ffb46ccc000 	C:\WINDOWS\system32\RPCRT4.dll
0x00007ffb46d90000 - 0x00007ffb46ee6000 	C:\WINDOWS\system32\USER32.dll
0x00007ffb45a20000 - 0x00007ffb45ba6000 	C:\WINDOWS\system32\GDI32.dll
0x00007ffb40020000 - 0x00007ffb40294000 	C:\WINDOWS\WinSxS\amd64_microsoft.windows.common-controls_6595b64144ccf1df_6.0.10586.494_none_a2d8b04ea53e3145\COMCTL32.dll
0x00007ffb46330000 - 0x00007ffb465ad000 	C:\WINDOWS\system32\combase.dll
0x00007ffb44cf0000 - 0x00007ffb44d5a000 	C:\WINDOWS\system32\bcryptPrimitives.dll
0x00007ffb46a70000 - 0x00007ffb46aab000 	C:\WINDOWS\system32\IMM32.DLL
0x0000000051c30000 - 0x0000000051d02000 	C:\Program Files\Java\jdk1.8.0_111\jre\bin\msvcr100.dll
0x0000000050ad0000 - 0x000000005136a000 	C:\Program Files\Java\jdk1.8.0_111\jre\bin\server\jvm.dll
0x00007ffb46a60000 - 0x00007ffb46a68000 	C:\WINDOWS\system32\PSAPI.DLL
0x00007ffb43340000 - 0x00007ffb43363000 	C:\WINDOWS\SYSTEM32\WINMM.dll
0x00007ffb40350000 - 0x00007ffb4035a000 	C:\WINDOWS\SYSTEM32\VERSION.dll
0x00007ffb43310000 - 0x00007ffb4333c000 	C:\WINDOWS\SYSTEM32\winmmbase.dll
0x00007ffb458c0000 - 0x00007ffb45903000 	C:\WINDOWS\system32\cfgmgr32.dll
0x00007ffb43370000 - 0x00007ffb43379000 	C:\WINDOWS\SYSTEM32\WSOCK32.dll
0x00007ffb465c0000 - 0x00007ffb4662b000 	C:\WINDOWS\system32\WS2_32.dll
0x0000000051c20000 - 0x0000000051c2f000 	C:\Program Files\Java\jdk1.8.0_111\jre\bin\verify.dll
0x0000000051bf0000 - 0x0000000051c19000 	C:\Program Files\Java\jdk1.8.0_111\jre\bin\java.dll
0x0000000051bb0000 - 0x0000000051be5000 	C:\Program Files\Java\jdk1.8.0_111\jre\bin\jdwp.dll
0x0000000051ba0000 - 0x0000000051ba8000 	C:\Program Files\Java\jdk1.8.0_111\jre\bin\npt.dll
0x0000000051b80000 - 0x0000000051b96000 	C:\Program Files\Java\jdk1.8.0_111\jre\bin\zip.dll
0x00007ffb47010000 - 0x00007ffb4856c000 	C:\WINDOWS\system32\SHELL32.dll
0x00007ffb44f50000 - 0x00007ffb45595000 	C:\WINDOWS\system32\windows.storage.dll
0x00007ffb46b50000 - 0x00007ffb46ba2000 	C:\WINDOWS\system32\shlwapi.dll
0x00007ffb44c10000 - 0x00007ffb44c1f000 	C:\WINDOWS\system32\kernel.appcore.dll
0x00007ffb455a0000 - 0x00007ffb45655000 	C:\WINDOWS\system32\shcore.dll
0x00007ffb44bb0000 - 0x00007ffb44bfb000 	C:\WINDOWS\system32\powrprof.dll
0x00007ffb44b90000 - 0x00007ffb44ba4000 	C:\WINDOWS\system32\profapi.dll
0x0000000051ad0000 - 0x0000000051ad9000 	C:\Program Files\Java\jdk1.8.0_111\jre\bin\dt_socket.dll
0x00007ffb37bf0000 - 0x00007ffb37c06000 	C:\WINDOWS\system32\napinsp.dll
0x00007ffb37c10000 - 0x00007ffb37c2a000 	C:\WINDOWS\system32\pnrpnsp.dll
0x00007ffb42b30000 - 0x00007ffb42b48000 	C:\WINDOWS\system32\NLAapi.dll
0x00007ffb444c0000 - 0x00007ffb4451c000 	C:\WINDOWS\System32\mswsock.dll
0x00007ffb43600000 - 0x00007ffb436aa000 	C:\WINDOWS\SYSTEM32\DNSAPI.dll
0x00007ffb46d80000 - 0x00007ffb46d88000 	C:\WINDOWS\system32\NSI.dll
0x00007ffb38120000 - 0x00007ffb3812d000 	C:\WINDOWS\System32\winrnr.dll
0x00007ffb37ce0000 - 0x00007ffb37cf5000 	C:\WINDOWS\System32\wshbth.dll
0x00007ffb423c0000 - 0x00007ffb42427000 	C:\WINDOWS\System32\fwpuclnt.dll
0x00007ffb44790000 - 0x00007ffb447b9000 	C:\WINDOWS\SYSTEM32\bcrypt.dll
0x00007ffb41600000 - 0x00007ffb4160a000 	C:\Windows\System32\rasadhlp.dll
0x0000000051870000 - 0x0000000051a08000 	C:\Program Files\Java\jdk1.8.0_111\jre\bin\awt.dll
0x00007ffb45cd0000 - 0x00007ffb45d91000 	C:\WINDOWS\system32\OLEAUT32.dll
0x00007ffb43210000 - 0x00007ffb43289000 	C:\WINDOWS\system32\apphelp.dll
0x00007ffb43420000 - 0x00007ffb434b6000 	C:\WINDOWS\system32\uxtheme.dll
0x00007ffb461d0000 - 0x00007ffb4632a000 	C:\WINDOWS\system32\MSCTF.dll
0x00007ffb42630000 - 0x00007ffb42652000 	C:\WINDOWS\system32\dwmapi.dll
0x00007ffb46080000 - 0x00007ffb461c3000 	C:\WINDOWS\system32\ole32.dll
0x0000000050a80000 - 0x0000000050ac7000 	C:\Program Files\Java\jdk1.8.0_111\jre\bin\fontmanager.dll
0x00007ffb46cd0000 - 0x00007ffb46d77000 	C:\WINDOWS\system32\clbcatq.dll
0x00007ffb2e400000 - 0x00007ffb2e48f000 	C:\WINDOWS\system32\IME\QQPinyinTSF\QQPinyinTSF.dll
0x00007ffb43290000 - 0x00007ffb432a3000 	C:\WINDOWS\SYSTEM32\WTSAPI32.dll
0x00007ffb43e30000 - 0x00007ffb43e86000 	C:\WINDOWS\SYSTEM32\WINSTA.dll
0x00007ffb29d70000 - 0x00007ffb2a2ac000 	C:\WINDOWS\system32\IME\QQPinyinTSF\QQPinyin.ime
0x00007ffb44cd0000 - 0x00007ffb44ce7000 	C:\WINDOWS\system32\NETAPI32.dll
0x00007ffb43390000 - 0x00007ffb43397000 	C:\WINDOWS\SYSTEM32\MSIMG32.dll
0x00007ffb41bc0000 - 0x00007ffb41eab000 	C:\WINDOWS\SYSTEM32\WININET.dll
0x00007ffb404b0000 - 0x00007ffb4051a000 	C:\WINDOWS\SYSTEM32\OLEACC.dll
0x00007ffb44000000 - 0x00007ffb4400c000 	C:\WINDOWS\SYSTEM32\NETUTILS.DLL
0x00007ffb3b940000 - 0x00007ffb3b956000 	C:\WINDOWS\SYSTEM32\WKSCLI.DLL
0x00007ffb3e980000 - 0x00007ffb3eb06000 	C:\WINDOWS\SYSTEM32\PROPSYS.dll
0x00007ffb35990000 - 0x00007ffb35b47000 	C:\Windows\System32\urlmon.dll
0x00007ffb3a050000 - 0x00007ffb3a3d4000 	C:\Windows\System32\iertutil.dll
0x00007ffb448a0000 - 0x00007ffb448cd000 	C:\WINDOWS\SYSTEM32\SspiCli.dll
0x0000000180000000 - 0x0000000180025000 	C:\Windows\System32\rxtxSerial.dll
0x0000000050700000 - 0x0000000050724000 	C:\Program Files\Java\jdk1.8.0_111\jre\bin\sunec.dll
0x00007ffb44570000 - 0x00007ffb44587000 	C:\WINDOWS\SYSTEM32\CRYPTSP.dll
0x00007ffb44200000 - 0x00007ffb44234000 	C:\WINDOWS\system32\rsaenh.dll
0x00007ffb44350000 - 0x00007ffb4436f000 	C:\WINDOWS\SYSTEM32\USERENV.dll
0x00007ffb44690000 - 0x00007ffb4469b000 	C:\WINDOWS\SYSTEM32\CRYPTBASE.dll
0x0000000050a60000 - 0x0000000050a7a000 	C:\Program Files\Java\jdk1.8.0_111\jre\bin\net.dll
0x00007ffb42430000 - 0x00007ffb42468000 	C:\WINDOWS\SYSTEM32\IPHLPAPI.DLL
0x00007ffb42380000 - 0x00007ffb42396000 	C:\WINDOWS\SYSTEM32\dhcpcsvc6.DLL
0x00007ffb42360000 - 0x00007ffb4237a000 	C:\WINDOWS\SYSTEM32\dhcpcsvc.DLL
0x00000000506e0000 - 0x00000000506f1000 	C:\Program Files\Java\jdk1.8.0_111\jre\bin\nio.dll
0x0000000050690000 - 0x00000000506d2000 	C:\Program Files\Java\jdk1.8.0_111\jre\bin\t2k.dll
0x00007ffb23380000 - 0x00007ffb2346f000 	C:\Users\Rainman\AppData\Local\Temp\javacpp267303479993591\msvcr120.dll
0x00007ffb232d0000 - 0x00007ffb23376000 	C:\Users\Rainman\AppData\Local\Temp\javacpp267303479993591\msvcp120.dll
0x00007ffb1d040000 - 0x00007ffb1d2b9000 	C:\Users\Rainman\AppData\Local\Temp\javacpp267303479993591\opencv_core310.dll
0x00007ffb1bdd0000 - 0x00007ffb1c111000 	C:\Users\Rainman\AppData\Local\Temp\javacpp267303479993591\opencv_imgproc310.dll
0x00007ffb1d9c0000 - 0x00007ffb1dbb8000 	C:\Users\Rainman\AppData\Local\Temp\javacpp267303479993591\jniopencv_core.dll
0x00007ffb23220000 - 0x00007ffb232c6000 	C:\Users\Rainman\AppData\Local\Temp\javacpp267303479993591\jniopencv_imgproc.dll
0x00007ffb1bb00000 - 0x00007ffb1bdc8000 	C:\Users\Rainman\AppData\Local\Temp\javacpp267303479993591\opencv_imgcodecs310.dll
0x00007ffb36060000 - 0x00007ffb3607c000 	C:\Users\Rainman\AppData\Local\Temp\javacpp267303479993591\jniopencv_imgcodecs.dll
0x00007ffb22e60000 - 0x00007ffb22eb3000 	C:\Users\Rainman\AppData\Local\Temp\javacpp267303479993591\opencv_videoio310.dll
0x00007ffb346c0000 - 0x00007ffb346e9000 	C:\WINDOWS\SYSTEM32\MSVFW32.dll
0x00007ffb33540000 - 0x00007ffb33560000 	C:\WINDOWS\SYSTEM32\AVIFIL32.dll
0x00007ffb32f70000 - 0x00007ffb32f88000 	C:\WINDOWS\SYSTEM32\AVICAP32.dll
0x00007ffb381e0000 - 0x00007ffb381fc000 	C:\WINDOWS\SYSTEM32\MSACM32.dll
0x00007ffb30850000 - 0x00007ffb30867000 	C:\Users\Rainman\AppData\Local\Temp\javacpp267303479993591\jniopencv_videoio.dll
0x00007ffb2f5e0000 - 0x00007ffb2f5f8000 	C:\Windows\System32\devenum.dll
0x00007ffb46630000 - 0x00007ffb46a59000 	C:\WINDOWS\system32\setupapi.dll
0x00007ffb440e0000 - 0x00007ffb44111000 	C:\WINDOWS\SYSTEM32\ntmarta.dll
0x00007ffb435b0000 - 0x00007ffb435d7000 	C:\WINDOWS\SYSTEM32\DEVOBJ.dll
0x00007ffb45910000 - 0x00007ffb45965000 	C:\WINDOWS\system32\WINTRUST.dll
0x00007ffb44c00000 - 0x00007ffb44c10000 	C:\WINDOWS\system32\MSASN1.dll
0x00007ffb45660000 - 0x00007ffb45828000 	C:\WINDOWS\system32\CRYPT32.dll
0x00007ffb40590000 - 0x00007ffb4059a000 	C:\WINDOWS\SYSTEM32\msdmo.dll
0x00007ffb26410000 - 0x00007ffb26444000 	C:\Windows\System32\qcap.dll
0x00007ffb1d580000 - 0x00007ffb1d74e000 	C:\Windows\System32\quartz.dll
0x00007ffb1cff0000 - 0x00007ffb1d03f000 	C:\Windows\System32\ksproxy.ax
0x00007ffb381d0000 - 0x00007ffb381d8000 	C:\Windows\System32\ksuser.dll
0x00007ffb1cce0000 - 0x00007ffb1cef0000 	C:\Windows\System32\d3d9.dll
0x00007ffb39380000 - 0x00007ffb393d5000 	C:\WINDOWS\SYSTEM32\policymanager.dll
0x00007ffb39200000 - 0x00007ffb39292000 	C:\Windows\System32\msvcp110_win.dll
0x00007ffb40670000 - 0x00007ffb4067e000 	C:\Windows\System32\vidcap.ax
0x00007ffb2aab0000 - 0x00007ffb2aad7000 	C:\Windows\System32\kswdmcap.ax
0x00007ffb1b990000 - 0x00007ffb1bb00000 	C:\Windows\System32\MFC42.dll
0x00007ffb1cc30000 - 0x00007ffb1cce0000 	C:\Windows\System32\ODBC32.dll
0x00007ffb44240000 - 0x00007ffb4424a000 	C:\Windows\System32\DPAPI.dll
0x0000000000cb0000 - 0x0000000000cc7000 	C:\WINDOWS\SYSTEM32\DextUVCb_x64.ax
0x00007ffb1b8e0000 - 0x00007ffb1b98b000 	C:\Windows\System32\qedit.dll
0x00007ffb45f70000 - 0x00007ffb4607b000 	C:\WINDOWS\system32\COMDLG32.dll
0x00007ffb45830000 - 0x00007ffb458b6000 	C:\WINDOWS\system32\FirewallAPI.dll
0x00007ffb43380000 - 0x00007ffb4338c000 	C:\Windows\System32\DAVHLPR.DLL
0x00007ffb40fb0000 - 0x00007ffb41158000 	C:\WINDOWS\WinSxS\amd64_microsoft.windows.gdiplus_6595b64144ccf1df_1.1.10586.545_none_d3c4a617ffcfbffc\gdiplus.dll
0x00007ffb43a10000 - 0x00007ffb43a42000 	C:\WINDOWS\system32\fwbase.dll
0x00007ffb36080000 - 0x00007ffb3617a000 	C:\Windows\System32\DDRAW.dll
0x00007ffb3a7f0000 - 0x00007ffb3a7f8000 	C:\Windows\System32\DCIMAN32.dll
0x00007ffb2bfe0000 - 0x00007ffb2c16c000 	C:\WINDOWS\SYSTEM32\dbghelp.dll

VM Arguments:
jvm_args: -agentlib:jdwp=transport=dt_socket,suspend=y,address=localhost:64698 -Dfile.encoding=GBK 
java_command: com.bottle.app.BottleUIApp
java_class_path (initial): D:\eclipses\java-neon2\workspace\controllerUI\target\classes;D:\eclipses\java-neon2\workspace\controllerUI\jgoodies-common-1.8.0.jar;D:\eclipses\java-neon2\workspace\controllerUI\jgoodies-forms-1.8.0.jar;D:\CloudStorage\web\maven\repository\org\springframework\spring-context\4.3.3.RELEASE\spring-context-4.3.3.RELEASE.jar;D:\CloudStorage\web\maven\repository\org\springframework\spring-expression\4.3.3.RELEASE\spring-expression-4.3.3.RELEASE.jar;D:\CloudStorage\web\maven\repository\org\springframework\spring-core\4.3.3.RELEASE\spring-core-4.3.3.RELEASE.jar;D:\CloudStorage\web\maven\repository\commons-logging\commons-logging\1.2\commons-logging-1.2.jar;D:\CloudStorage\web\maven\repository\org\springframework\spring-beans\4.3.3.RELEASE\spring-beans-4.3.3.RELEASE.jar;D:\CloudStorage\web\maven\repository\org\springframework\spring-aop\4.3.3.RELEASE\spring-aop-4.3.3.RELEASE.jar;D:\CloudStorage\web\maven\repository\log4j\log4j\1.2.17\log4j-1.2.17.jar;D:\CloudStorage\web\maven\repository\junit\junit\4.12\junit-4.12.jar;D:\CloudStorage\web\maven\repository\org\hamcrest\hamcrest-core\1.3\hamcrest-core-1.3.jar;D:\CloudStorage\web\maven\repository\org\apache\maven\surefire\surefire-junit47\2.19.1\surefire-junit47-2.19.1.jar;D:\CloudStorage\web\maven\repository\org\apache\maven\surefire\common-junit48\2.19.1\common-junit48-2.19.1.jar;D:\CloudStorage\web\maven\repository\org\apache\maven\surefire\common-junit4\2.19.1\common-junit4-2.19.1.jar;D:\CloudStorage\web\maven\repository\org\apache\maven\surefire\common-junit3\2.19.1\common-junit3-2.19.1.jar;D:\CloudStorage\web\maven\repository\org\apache\maven\surefire\common-java5\2.19.1\common-java5-2.19.1.jar;D:\CloudStorage\web\maven\repository\org\apache\maven\shared\maven-shared-utils\0.9\maven-shared-utils-0.9.jar;D:\CloudStorage\web\maven\repository\com\google\code\findbugs\jsr305\2.0.1\jsr305-2.0.1.jar;D:\CloudStorage\web\maven\repository\org\apache\maven\surefire\surefire-grouper\2.19.1\surefire-group
Launcher Type: SUN_STANDARD

Environment Variables:
JAVA_HOME=C:\Program Files\Java\jdk1.8.0_111
PATH=C:\Program Files\Java\jdk1.8.0_111\jre\bin;C:/Program Files/Java/jre1.8.0_111/bin/server;C:/Program Files/Java/jre1.8.0_111/bin;C:/Program Files/Java/jre1.8.0_111/lib/amd64;C:\ProgramData\Oracle\Java\javapath;C:\WINDOWS\system32;C:\WINDOWS;C:\WINDOWS\System32\Wbem;C:\WINDOWS\System32\WindowsPowerShell\v1.0\;C:\Program Files\Git\cmd;C:\Program Files\OpenVPN\bin;D:\CloudStorage\web\maven\apache-maven-3.1.0\bin;D:\eclipses\java-neon2\eclipse;
USERNAME=Rainman
OS=Windows_NT
PROCESSOR_IDENTIFIER=Intel64 Family 6 Model 69 Stepping 1, GenuineIntel



---------------  S Y S T E M  ---------------

OS: Windows 10.0 , 64 bit Build 10586 (10.0.10586.0)

CPU:total 4 (2 cores per cpu, 2 threads per core) family 6 model 69 stepping 1, cmov, cx8, fxsr, mmx, sse, sse2, sse3, ssse3, sse4.1, sse4.2, popcnt, avx, avx2, clmul, erms, lzcnt, ht, tsc, tscinvbit, bmi1, bmi2

Memory: 4k page, physical 8085308k(3292684k free), swap 16473916k(7711812k free)

vm_info: Java HotSpot(TM) 64-Bit Server VM (25.111-b14) for windows-amd64 JRE (1.8.0_111-b14), built on Sep 22 2016 19:24:05 by "java_re" with MS VC++ 10.0 (VS2010)

time: Tue Nov 08 02:51:22 2016
elapsed time: 188 seconds (0d 0h 3m 8s)

