#
# A fatal error has been detected by the Java Runtime Environment:
#
#  EXCEPTION_ACCESS_VIOLATION (0xc0000005) at pc=0x00007ffd3796c3f9, pid=5860, tid=0x0000000000003718
#
# JRE version: Java(TM) SE Runtime Environment (8.0_111-b14) (build 1.8.0_111-b14)
# Java VM: Java HotSpot(TM) 64-Bit Server VM (25.111-b14 mixed mode windows-amd64 compressed oops)
# Problematic frame:
# C  [msvcr120.dll+0x3c3f9]
#
# Failed to write core dump. Minidumps are not enabled by default on client versions of Windows
#
# If you would like to submit a bug report, please visit:
#   http://bugreport.java.com/bugreport/crash.jsp
# The crash happened outside the Java Virtual Machine in native code.
# See problematic frame for where to report the bug.
#

---------------  T H R E A D  ---------------

Current thread (0x000000001d788000):  JavaThread "pool-3-thread-1" [_thread_in_native, id=14104, stack(0x000000001f1a0000,0x000000001f2a0000)]

siginfo: ExceptionCode=0xc0000005, reading address 0x0000000026dfbf20

Registers:
RAX=0x0000000026dfc410, RBX=0x000000002ad83d70, RCX=0x00000000000004f0, RDX=0xfffffffffc077f20
RSP=0x000000001f29eed8, RBP=0x00000000000000f8, RSI=0x0000000026dfbf20, RDI=0x000000002ad84000
R8 =0x0000000000000780, R9 =0x0000000000000280, R10=0x0000000026dfbc90, R11=0x000000002ad83d70
R12=0x0000000000000000, R13=0x000000001ad13078, R14=0xfffffffffffff880, R15=0x000000001d788000
RIP=0x00007ffd3796c3f9, EFLAGS=0x0000000000010207

Top of Stack: (sp=0x000000001f29eed8)
0x000000001f29eed8:   0000000000000780 0000000026dfbc90
0x000000001f29eee8:   00007ffd3d313d5e 0000000000000000
0x000000001f29eef8:   00007ffd3771c2c6 000000002ad17170
0x000000001f29ef08:   00007ffd3d33ae70 00007ffd3d33ae70
0x000000001f29ef18:   00007ffd3d312fcd 0000000000000000
0x000000001f29ef28:   000000001f29f100 000000002ad17170
0x000000001f29ef38:   00007ffd3d33ae70 00000000000001e0
0x000000001f29ef48:   ffffffffffffff00 00000000195abe01
0x000000001f29ef58:   000000001d7881f8 00007ffd3d33ae70
0x000000001f29ef68:   000000000145ce60 000000001f29f1d0
0x000000001f29ef78:   00007ffd3d31405b 00000000ffffffff
0x000000001f29ef88:   000000001f29efc0 0000000000000000
0x000000001f29ef98:   000000001d788000 0000000003872e01
0x000000001f29efa8:   0000000000000000 000001e000000280
0x000000001f29efb8:   fffffffffffffffe 0000000242ff4010
0x000000001f29efc8:   00000280000001e0 000000002ad17170 

Instructions: (pc=0x00007ffd3796c3f9)
0x00007ffd3796c3d9:   03 c0 48 3b c8 0f 8c 96 03 00 00 0f ba 25 6c 53
0x00007ffd3796c3e9:   0a 00 01 73 13 57 56 48 8b f9 49 8b f2 49 8b c8
0x00007ffd3796c3f9:   f3 a4 5e 5f 49 8b c3 c3 0f ba 25 4f 53 0a 00 02
0x00007ffd3796c409:   0f 82 56 02 00 00 f6 c1 07 74 36 f6 c1 01 74 0b 


Register to memory mapping:

RAX=0x0000000026dfc410 is an unknown value
RBX=0x000000002ad83d70 is an unknown value
RCX=0x00000000000004f0 is an unknown value
RDX=0xfffffffffc077f20 is an unknown value
RSP=0x000000001f29eed8 is pointing into the stack for thread: 0x000000001d788000
RBP=0x00000000000000f8 is an unknown value
RSI=0x0000000026dfbf20 is an unknown value
RDI=0x000000002ad84000 is an unknown value
R8 =0x0000000000000780 is an unknown value
R9 =0x0000000000000280 is an unknown value
R10=0x0000000026dfbc90 is an unknown value
R11=0x000000002ad83d70 is an unknown value
R12=0x0000000000000000 is an unknown value
R13={method} {0x000000001ad13080} 'allocate' '()V' in 'org/bytedeco/javacpp/opencv_core$Mat'
R14=0xfffffffffffff880 is an unknown value
R15=0x000000001d788000 is a thread


Stack: [0x000000001f1a0000,0x000000001f2a0000],  sp=0x000000001f29eed8,  free space=1019k
Native frames: (J=compiled Java code, j=interpreted, Vv=VM code, C=native code)
C  [msvcr120.dll+0x3c3f9]
C  0x0000000000000780

Java frames: (J=compiled Java code, j=interpreted, Vv=VM code)
J 3345  org.bytedeco.javacpp.opencv_videoio$VideoCapture.retrieve(Lorg/bytedeco/javacpp/opencv_core$Mat;)Z (0 bytes) @ 0x0000000003d5944f [0x0000000003d59400+0x4f]
J 3344 C1 org.bytedeco.javacv.OpenCVFrameGrabber.grab()Lorg/bytedeco/javacv/Frame; (227 bytes) @ 0x0000000003d735b4 [0x0000000003d73380+0x234]
j  com.bottle.hardware.camera.CameraConnector$1.run()V+32
j  java.util.concurrent.Executors$RunnableAdapter.call()Ljava/lang/Object;+4
j  java.util.concurrent.FutureTask.run()V+42
j  java.util.concurrent.ThreadPoolExecutor.runWorker(Ljava/util/concurrent/ThreadPoolExecutor$Worker;)V+95
j  java.util.concurrent.ThreadPoolExecutor$Worker.run()V+5
j  java.lang.Thread.run()V+11
v  ~StubRoutines::call_stub

---------------  P R O C E S S  ---------------

Java Threads: ( => current thread )
  0x0000000019928800 JavaThread "Image Fetcher 0" daemon [_thread_blocked, id=12704, stack(0x000000002cd90000,0x000000002ce90000)]
  0x0000000019928000 JavaThread "Timer-9" [_thread_blocked, id=3500, stack(0x000000002bcc0000,0x000000002bdc0000)]
  0x0000000019929800 JavaThread "Timer-8" [_thread_blocked, id=14536, stack(0x000000002a5f0000,0x000000002a6f0000)]
  0x0000000019923800 JavaThread "Timer-7" [_thread_blocked, id=4640, stack(0x0000000026580000,0x0000000026680000)]
  0x0000000019925000 JavaThread "Timer-4" [_thread_blocked, id=4264, stack(0x0000000026280000,0x0000000026380000)]
  0x0000000019927000 JavaThread "Timer-3" [_thread_blocked, id=12332, stack(0x0000000026180000,0x0000000026280000)]
  0x0000000019924000 JavaThread "Timer-2" [_thread_blocked, id=12328, stack(0x0000000026080000,0x0000000026180000)]
  0x0000000019573800 JavaThread "Timer-1" [_thread_blocked, id=14176, stack(0x0000000025f80000,0x0000000026080000)]
  0x0000000019579800 JavaThread "Timer-0" [_thread_blocked, id=376, stack(0x0000000025e80000,0x0000000025f80000)]
  0x0000000019576000 JavaThread "pool-6-thread-1" [_thread_blocked, id=14308, stack(0x000000001f590000,0x000000001f690000)]
  0x000000001957a800 JavaThread "Thread-2" [_thread_in_native, id=14232, stack(0x000000001f490000,0x000000001f590000)]
  0x000000001d0a6800 JavaThread "pool-5-thread-1" [_thread_blocked, id=8784, stack(0x000000001f2a0000,0x000000001f3a0000)]
=>0x000000001d788000 JavaThread "pool-3-thread-1" [_thread_in_native, id=14104, stack(0x000000001f1a0000,0x000000001f2a0000)]
  0x000000001cd65000 JavaThread "pool-2-thread-1" [_thread_blocked, id=7208, stack(0x000000001eea0000,0x000000001efa0000)]
  0x000000001c36b800 JavaThread "pool-1-thread-1" [_thread_blocked, id=5096, stack(0x000000001dd80000,0x000000001de80000)]
  0x00000000034c4000 JavaThread "DestroyJavaVM" [_thread_blocked, id=5128, stack(0x0000000003350000,0x0000000003450000)]
  0x0000000019fc7000 JavaThread "AWT-EventQueue-0" [_thread_in_native, id=3616, stack(0x000000001abd0000,0x000000001acd0000)]
  0x0000000019fc4800 JavaThread "AWT-Windows" daemon [_thread_in_native, id=11424, stack(0x000000001a940000,0x000000001aa40000)]
  0x0000000019f63000 JavaThread "AWT-Shutdown" [_thread_blocked, id=9468, stack(0x000000001a840000,0x000000001a940000)]
  0x0000000019f62800 JavaThread "Java2D Disposer" daemon [_thread_blocked, id=13028, stack(0x000000001a740000,0x000000001a840000)]
  0x000000001960b000 JavaThread "Service Thread" daemon [_thread_blocked, id=3992, stack(0x0000000019c60000,0x0000000019d60000)]
  0x0000000019577800 JavaThread "C1 CompilerThread2" daemon [_thread_blocked, id=9128, stack(0x0000000019b60000,0x0000000019c60000)]
  0x000000001956c800 JavaThread "C2 CompilerThread1" daemon [_thread_blocked, id=3840, stack(0x0000000019a60000,0x0000000019b60000)]
  0x0000000019560800 JavaThread "C2 CompilerThread0" daemon [_thread_in_native, id=8636, stack(0x0000000019960000,0x0000000019a60000)]
  0x0000000017f40800 JavaThread "Attach Listener" daemon [_thread_blocked, id=9520, stack(0x0000000019460000,0x0000000019560000)]
  0x0000000017f8e800 JavaThread "Signal Dispatcher" daemon [_thread_blocked, id=9268, stack(0x0000000019360000,0x0000000019460000)]
  0x00000000035bd800 JavaThread "Finalizer" daemon [_thread_blocked, id=10648, stack(0x0000000019180000,0x0000000019280000)]
  0x00000000035b2800 JavaThread "Reference Handler" daemon [_thread_blocked, id=8584, stack(0x0000000019080000,0x0000000019180000)]

Other Threads:
  0x0000000017ef8000 VMThread [stack: 0x0000000018f80000,0x0000000019080000] [id=9344]
  0x0000000019654800 WatcherThread [stack: 0x0000000019d60000,0x0000000019e60000] [id=8260]

VM state:not at safepoint (normal execution)

VM Mutex/Monitor currently owned by a thread: None

Heap:
 PSYoungGen      total 139264K, used 77394K [0x00000000d6e00000, 0x00000000e0700000, 0x0000000100000000)
  eden space 128000K, 55% used [0x00000000d6e00000,0x00000000db39b068,0x00000000deb00000)
  from space 11264K, 54% used [0x00000000dfc00000,0x00000000e01f9850,0x00000000e0700000)
  to   space 14336K, 0% used [0x00000000deb00000,0x00000000deb00000,0x00000000df900000)
 ParOldGen       total 55296K, used 18942K [0x0000000084a00000, 0x0000000088000000, 0x00000000d6e00000)
  object space 55296K, 34% used [0x0000000084a00000,0x0000000085c7fb10,0x0000000088000000)
 Metaspace       used 30117K, capacity 30458K, committed 30720K, reserved 1077248K
  class space    used 3730K, capacity 3795K, committed 3840K, reserved 1048576K

Card table byte_map: [0x0000000012980000,0x0000000012d60000] byte_map_base: 0x000000001255b000

Marking Bits: (ParMarkBitMap*) 0x000000006b1fa6c0
 Begin Bits: [0x0000000013400000, 0x00000000152d8000)
 End Bits:   [0x00000000152d8000, 0x00000000171b0000)

Polling page: 0x00000000013c0000

CodeCache: size=245760Kb used=10412Kb max_used=10437Kb free=235347Kb
 bounds [0x00000000035c0000, 0x0000000004020000, 0x00000000125c0000]
 total_blobs=3665 nmethods=2998 adapters=577
 compilation: enabled

Compilation events (10 events):
Event: 42.341 Thread 0x0000000019577800 3380       3       com.google.zxing.qrcode.decoder.DataMask$DataMask000::isMasked (14 bytes)
Event: 42.341 Thread 0x0000000019577800 nmethod 3380 0x0000000003db0d50 code [0x0000000003db0ea0, 0x0000000003db1050]
Event: 42.342 Thread 0x0000000019577800 3381       3       com.google.zxing.common.BitMatrix::flip (28 bytes)
Event: 42.342 Thread 0x0000000019577800 nmethod 3381 0x0000000003db0910 code [0x0000000003db0a60, 0x0000000003db0c30]
Event: 42.342 Thread 0x0000000019577800 3382       3       com.google.zxing.common.reedsolomon.GenericGF::addOrSubtract (4 bytes)
Event: 42.343 Thread 0x0000000019577800 nmethod 3382 0x0000000003db0610 code [0x0000000003db0760, 0x0000000003db0890]
Event: 42.343 Thread 0x0000000019577800 3383       3       com.google.zxing.common.reedsolomon.GenericGF::multiply (36 bytes)
Event: 42.343 Thread 0x0000000019577800 nmethod 3383 0x0000000003e46010 code [0x0000000003e46180, 0x0000000003e463f0]
Event: 42.363 Thread 0x0000000019577800 3384       3       java.nio.ByteBuffer::array (35 bytes)
Event: 42.363 Thread 0x0000000019577800 nmethod 3384 0x0000000003e45a10 code [0x0000000003e45ba0, 0x0000000003e45eb8]

GC Heap History (10 events):
Event: 24.090 GC heap before
{Heap before GC invocations=7 (full 1):
 PSYoungGen      total 68608K, used 67117K [0x00000000d6e00000, 0x00000000dd780000, 0x0000000100000000)
  eden space 63488K, 100% used [0x00000000d6e00000,0x00000000dac00000,0x00000000dac00000)
  from space 5120K, 70% used [0x00000000dac00000,0x00000000daf8b500,0x00000000db100000)
  to   space 7168K, 0% used [0x00000000dd080000,0x00000000dd080000,0x00000000dd780000)
 ParOldGen       total 55296K, used 5916K [0x0000000084a00000, 0x0000000088000000, 0x00000000d6e00000)
  object space 55296K, 10% used [0x0000000084a00000,0x0000000084fc71c8,0x0000000088000000)
 Metaspace       used 29261K, capacity 29522K, committed 29952K, reserved 1075200K
  class space    used 3677K, capacity 3763K, committed 3840K, reserved 1048576K
Event: 24.105 GC heap after
Heap after GC invocations=7 (full 1):
 PSYoungGen      total 92672K, used 7139K [0x00000000d6e00000, 0x00000000de380000, 0x0000000100000000)
  eden space 85504K, 0% used [0x00000000d6e00000,0x00000000d6e00000,0x00000000dc180000)
  from space 7168K, 99% used [0x00000000dd080000,0x00000000dd778f30,0x00000000dd780000)
  to   space 15360K, 0% used [0x00000000dc180000,0x00000000dc180000,0x00000000dd080000)
 ParOldGen       total 55296K, used 18910K [0x0000000084a00000, 0x0000000088000000, 0x00000000d6e00000)
  object space 55296K, 34% used [0x0000000084a00000,0x0000000085c77b10,0x0000000088000000)
 Metaspace       used 29261K, capacity 29522K, committed 29952K, reserved 1075200K
  class space    used 3677K, capacity 3763K, committed 3840K, reserved 1048576K
}
Event: 26.216 GC heap before
{Heap before GC invocations=8 (full 1):
 PSYoungGen      total 92672K, used 92435K [0x00000000d6e00000, 0x00000000de380000, 0x0000000100000000)
  eden space 85504K, 99% used [0x00000000d6e00000,0x00000000dc14bdb8,0x00000000dc180000)
  from space 7168K, 99% used [0x00000000dd080000,0x00000000dd778f30,0x00000000dd780000)
  to   space 15360K, 0% used [0x00000000dc180000,0x00000000dc180000,0x00000000dd080000)
 ParOldGen       total 55296K, used 18910K [0x0000000084a00000, 0x0000000088000000, 0x00000000d6e00000)
  object space 55296K, 34% used [0x0000000084a00000,0x0000000085c77b10,0x0000000088000000)
 Metaspace       used 29578K, capacity 29874K, committed 30208K, reserved 1075200K
  class space    used 3697K, capacity 3795K, committed 3840K, reserved 1048576K
Event: 26.224 GC heap after
Heap after GC invocations=8 (full 1):
 PSYoungGen      total 100864K, used 9589K [0x00000000d6e00000, 0x00000000dfe00000, 0x0000000100000000)
  eden space 85504K, 0% used [0x00000000d6e00000,0x00000000d6e00000,0x00000000dc180000)
  from space 15360K, 62% used [0x00000000dc180000,0x00000000dcadd420,0x00000000dd080000)
  to   space 15360K, 0% used [0x00000000def00000,0x00000000def00000,0x00000000dfe00000)
 ParOldGen       total 55296K, used 18918K [0x0000000084a00000, 0x0000000088000000, 0x00000000d6e00000)
  object space 55296K, 34% used [0x0000000084a00000,0x0000000085c79b10,0x0000000088000000)
 Metaspace       used 29578K, capacity 29874K, committed 30208K, reserved 1075200K
  class space    used 3697K, capacity 3795K, committed 3840K, reserved 1048576K
}
Event: 27.977 GC heap before
{Heap before GC invocations=9 (full 1):
 PSYoungGen      total 100864K, used 94215K [0x00000000d6e00000, 0x00000000dfe00000, 0x0000000100000000)
  eden space 85504K, 98% used [0x00000000d6e00000,0x00000000dc0a4890,0x00000000dc180000)
  from space 15360K, 62% used [0x00000000dc180000,0x00000000dcadd420,0x00000000dd080000)
  to   space 15360K, 0% used [0x00000000def00000,0x00000000def00000,0x00000000dfe00000)
 ParOldGen       total 55296K, used 18918K [0x0000000084a00000, 0x0000000088000000, 0x00000000d6e00000)
  object space 55296K, 34% used [0x0000000084a00000,0x0000000085c79b10,0x0000000088000000)
 Metaspace       used 29624K, capacity 29938K, committed 30208K, reserved 1075200K
  class space    used 3697K, capacity 3795K, committed 3840K, reserved 1048576K
Event: 27.983 GC heap after
Heap after GC invocations=9 (full 1):
 PSYoungGen      total 122880K, used 6054K [0x00000000d6e00000, 0x00000000df900000, 0x0000000100000000)
  eden space 112640K, 0% used [0x00000000d6e00000,0x00000000d6e00000,0x00000000ddc00000)
  from space 10240K, 59% used [0x00000000def00000,0x00000000df4e9850,0x00000000df900000)
  to   space 14848K, 0% used [0x00000000ddc00000,0x00000000ddc00000,0x00000000dea80000)
 ParOldGen       total 55296K, used 18926K [0x0000000084a00000, 0x0000000088000000, 0x00000000d6e00000)
  object space 55296K, 34% used [0x0000000084a00000,0x0000000085c7bb10,0x0000000088000000)
 Metaspace       used 29624K, capacity 29938K, committed 30208K, reserved 1075200K
  class space    used 3697K, capacity 3795K, committed 3840K, reserved 1048576K
}
Event: 34.198 GC heap before
{Heap before GC invocations=10 (full 1):
 PSYoungGen      total 122880K, used 118593K [0x00000000d6e00000, 0x00000000df900000, 0x0000000100000000)
  eden space 112640K, 99% used [0x00000000d6e00000,0x00000000ddbe6c28,0x00000000ddc00000)
  from space 10240K, 59% used [0x00000000def00000,0x00000000df4e9850,0x00000000df900000)
  to   space 14848K, 0% used [0x00000000ddc00000,0x00000000ddc00000,0x00000000dea80000)
 ParOldGen       total 55296K, used 18926K [0x0000000084a00000, 0x0000000088000000, 0x00000000d6e00000)
  object space 55296K, 34% used [0x0000000084a00000,0x0000000085c7bb10,0x0000000088000000)
 Metaspace       used 29741K, capacity 30002K, committed 30208K, reserved 1075200K
  class space    used 3697K, capacity 3795K, committed 3840K, reserved 1048576K
Event: 34.204 GC heap after
Heap after GC invocations=10 (full 1):
 PSYoungGen      total 127488K, used 8552K [0x00000000d6e00000, 0x00000000e0a00000, 0x0000000100000000)
  eden space 112640K, 0% used [0x00000000d6e00000,0x00000000d6e00000,0x00000000ddc00000)
  from space 14848K, 57% used [0x00000000ddc00000,0x00000000de45a090,0x00000000dea80000)
  to   space 14336K, 0% used [0x00000000dfc00000,0x00000000dfc00000,0x00000000e0a00000)
 ParOldGen       total 55296K, used 18934K [0x0000000084a00000, 0x0000000088000000, 0x00000000d6e00000)
  object space 55296K, 34% used [0x0000000084a00000,0x0000000085c7db10,0x0000000088000000)
 Metaspace       used 29741K, capacity 30002K, committed 30208K, reserved 1075200K
  class space    used 3697K, capacity 3795K, committed 3840K, reserved 1048576K
}
Event: 40.956 GC heap before
{Heap before GC invocations=11 (full 1):
 PSYoungGen      total 127488K, used 120708K [0x00000000d6e00000, 0x00000000e0a00000, 0x0000000100000000)
  eden space 112640K, 99% used [0x00000000d6e00000,0x00000000ddb87268,0x00000000ddc00000)
  from space 14848K, 57% used [0x00000000ddc00000,0x00000000de45a090,0x00000000dea80000)
  to   space 14336K, 0% used [0x00000000dfc00000,0x00000000dfc00000,0x00000000e0a00000)
 ParOldGen       total 55296K, used 18934K [0x0000000084a00000, 0x0000000088000000, 0x00000000d6e00000)
  object space 55296K, 34% used [0x0000000084a00000,0x0000000085c7db10,0x0000000088000000)
 Metaspace       used 29840K, capacity 30138K, committed 30464K, reserved 1075200K
  class space    used 3698K, capacity 3795K, committed 3840K, reserved 1048576K
Event: 40.962 GC heap after
Heap after GC invocations=11 (full 1):
 PSYoungGen      total 139264K, used 6118K [0x00000000d6e00000, 0x00000000e0700000, 0x0000000100000000)
  eden space 128000K, 0% used [0x00000000d6e00000,0x00000000d6e00000,0x00000000deb00000)
  from space 11264K, 54% used [0x00000000dfc00000,0x00000000e01f9850,0x00000000e0700000)
  to   space 14336K, 0% used [0x00000000deb00000,0x00000000deb00000,0x00000000df900000)
 ParOldGen       total 55296K, used 18942K [0x0000000084a00000, 0x0000000088000000, 0x00000000d6e00000)
  object space 55296K, 34% used [0x0000000084a00000,0x0000000085c7fb10,0x0000000088000000)
 Metaspace       used 29840K, capacity 30138K, committed 30464K, reserved 1075200K
  class space    used 3698K, capacity 3795K, committed 3840K, reserved 1048576K
}

Deoptimization events (10 events):
Event: 5.668 Thread 0x0000000019576000 Uncommon trap: reason=predicate action=maybe_recompile pc=0x0000000003e2190c method=sun.net.www.ParseUtil.encodePath(Ljava/lang/String;Z)Ljava/lang/String; @ 36
Event: 15.838 Thread 0x0000000019fc7000 Uncommon trap: reason=unstable_if action=reinterpret pc=0x0000000003f70b04 method=java.io.WinNTFileSystem.isLetter(C)Z @ 15
Event: 15.844 Thread 0x0000000019fc7000 Uncommon trap: reason=unstable_if action=reinterpret pc=0x0000000003c104fc method=sun.reflect.annotation.AnnotationInvocationHandler.invoke(Ljava/lang/Object;Ljava/lang/reflect/Method;[Ljava/lang/Object;)Ljava/lang/Object; @ 255
Event: 24.574 Thread 0x000000001d788000 Uncommon trap: reason=unstable_if action=reinterpret pc=0x0000000003aa16a4 method=org.bytedeco.javacv.Java2DFrameConverter.flipCopyWithGamma(Ljava/nio/ByteBuffer;ILjava/nio/ByteBuffer;IZDZI)V @ 50
Event: 24.575 Thread 0x000000001d788000 Uncommon trap: reason=unstable_if action=reinterpret pc=0x00000000037d149c method=java.awt.image.ComponentColorModel.getRGB(Ljava/lang/Object;)I @ 4
Event: 24.600 Thread 0x000000001d788000 Uncommon trap: reason=unstable_if action=reinterpret pc=0x00000000037a69ac method=com.google.zxing.client.j2se.BufferedImageLuminanceSource.<init>(Ljava/awt/image/BufferedImage;IIII)V @ 106
Event: 24.623 Thread 0x000000001d788000 Uncommon trap: reason=unstable_if action=reinterpret pc=0x000000000374e1bc method=java.awt.image.ComponentColorModel.getRGB(Ljava/lang/Object;)I @ 4
Event: 24.778 Thread 0x000000001d788000 Uncommon trap: reason=unstable_if action=reinterpret pc=0x0000000003870208 method=com.google.zxing.qrcode.detector.FinderPatternFinder.foundPatternCross([I)Z @ 32
Event: 34.387 Thread 0x0000000019576000 Uncommon trap: reason=unstable_if action=reinterpret pc=0x0000000003c0749c method=java.lang.ThreadLocal$ThreadLocalMap.getEntry(Ljava/lang/ThreadLocal;)Ljava/lang/ThreadLocal$ThreadLocalMap$Entry; @ 29
Event: 42.302 Thread 0x000000001d788000 Uncommon trap: reason=unstable_if action=reinterpret pc=0x00000000037825a4 method=com.google.zxing.qrcode.detector.FinderPatternFinder.find(Ljava/util/Map;)Lcom/google/zxing/qrcode/detector/FinderPatternInfo; @ 108

Internal exceptions (10 events):
Event: 4.364 Thread 0x0000000019fc7000 Exception <a 'java/lang/ClassNotFoundException': com/bottle/business/common/service/IMessageListenerCustomizer> (0x00000000d7fb8570) thrown at [C:\re\workspace\8-2-build-windows-amd64-cygwin\jdk8u111\7883\hotspot\src\share\vm\classfile\systemDictionary.cp
Event: 4.375 Thread 0x0000000019fc7000 Exception <a 'java/lang/ClassNotFoundException': org/springframework/context/event/EventListenerMethodProcessorBeanInfo> (0x00000000d802d7b0) thrown at [C:\re\workspace\8-2-build-windows-amd64-cygwin\jdk8u111\7883\hotspot\src\share\vm\classfile\systemDict
Event: 4.378 Thread 0x0000000019fc7000 Exception <a 'java/lang/ClassNotFoundException': org/springframework/context/event/EventListenerMethodProcessorCustomizer> (0x00000000d8068b20) thrown at [C:\re\workspace\8-2-build-windows-amd64-cygwin\jdk8u111\7883\hotspot\src\share\vm\classfile\systemDi
Event: 4.381 Thread 0x0000000019fc7000 Exception <a 'java/lang/ClassNotFoundException': org/springframework/beans/factory/SmartInitializingSingletonCustomizer> (0x00000000d80f6988) thrown at [C:\re\workspace\8-2-build-windows-amd64-cygwin\jdk8u111\7883\hotspot\src\share\vm\classfile\systemDict
Event: 4.383 Thread 0x0000000019fc7000 Exception <a 'java/lang/ClassNotFoundException': org/springframework/context/ApplicationContextAwareCustomizer> (0x00000000d812e938) thrown at [C:\re\workspace\8-2-build-windows-amd64-cygwin\jdk8u111\7883\hotspot\src\share\vm\classfile\systemDictionary.cp
Event: 4.387 Thread 0x0000000019fc7000 Exception <a 'java/lang/ClassNotFoundException': org/springframework/context/event/DefaultEventListenerFactoryBeanInfo> (0x00000000d816ed60) thrown at [C:\re\workspace\8-2-build-windows-amd64-cygwin\jdk8u111\7883\hotspot\src\share\vm\classfile\systemDicti
Event: 4.393 Thread 0x0000000019fc7000 Exception <a 'java/lang/ClassNotFoundException': org/springframework/context/event/DefaultEventListenerFactoryCustomizer> (0x00000000d81a9b28) thrown at [C:\re\workspace\8-2-build-windows-amd64-cygwin\jdk8u111\7883\hotspot\src\share\vm\classfile\systemDic
Event: 4.396 Thread 0x0000000019fc7000 Exception <a 'java/lang/ClassNotFoundException': org/springframework/context/event/EventListenerFactoryCustomizer> (0x00000000d8289128) thrown at [C:\re\workspace\8-2-build-windows-amd64-cygwin\jdk8u111\7883\hotspot\src\share\vm\classfile\systemDictionary
Event: 4.398 Thread 0x0000000019fc7000 Exception <a 'java/lang/ClassNotFoundException': org/springframework/core/OrderedCustomizer> (0x00000000d82bb998) thrown at [C:\re\workspace\8-2-build-windows-amd64-cygwin\jdk8u111\7883\hotspot\src\share\vm\classfile\systemDictionary.cpp, line 210]
Event: 4.468 Thread 0x0000000019576000 Implicit null exception at 0x0000000003c14da1 to 0x0000000003c15791

Events (10 events):
Event: 42.346 loading class sun/nio/cs/ISO_8859_1$Decoder
Event: 42.359 loading class sun/nio/cs/ISO_8859_1$Decoder done
Event: 42.359 loading class com/google/zxing/common/DecoderResult
Event: 42.359 loading class com/google/zxing/common/DecoderResult done
Event: 42.360 loading class com/google/zxing/Result
Event: 42.360 loading class com/google/zxing/Result done
Event: 42.361 loading class com/google/zxing/BarcodeFormat
Event: 42.361 loading class com/google/zxing/BarcodeFormat done
Event: 42.362 loading class com/google/zxing/ResultMetadataType
Event: 42.362 loading class com/google/zxing/ResultMetadataType done


Dynamic libraries:
0x00007ff7783d0000 - 0x00007ff778407000 	C:\Program Files\Java\jdk1.8.0_111\bin\javaw.exe
0x00007ffd61a70000 - 0x00007ffd61c31000 	C:\WINDOWS\SYSTEM32\ntdll.dll
0x00007ffd5ef10000 - 0x00007ffd5efbd000 	C:\WINDOWS\system32\KERNEL32.DLL
0x00007ffd5e970000 - 0x00007ffd5eb58000 	C:\WINDOWS\system32\KERNELBASE.dll
0x00007ffd5fd00000 - 0x00007ffd5fda7000 	C:\WINDOWS\system32\ADVAPI32.dll
0x00007ffd5ee70000 - 0x00007ffd5ef0d000 	C:\WINDOWS\system32\msvcrt.dll
0x00007ffd61820000 - 0x00007ffd6187b000 	C:\WINDOWS\system32\sechost.dll
0x00007ffd618f0000 - 0x00007ffd61a0c000 	C:\WINDOWS\system32\RPCRT4.dll
0x00007ffd5f8c0000 - 0x00007ffd5fa16000 	C:\WINDOWS\system32\USER32.dll
0x00007ffd5ff80000 - 0x00007ffd60106000 	C:\WINDOWS\system32\GDI32.dll
0x00007ffd58e00000 - 0x00007ffd59074000 	C:\WINDOWS\WinSxS\amd64_microsoft.windows.common-controls_6595b64144ccf1df_6.0.10586.494_none_a2d8b04ea53e3145\COMCTL32.dll
0x00007ffd5fa80000 - 0x00007ffd5fcfd000 	C:\WINDOWS\system32\combase.dll
0x00007ffd5e1e0000 - 0x00007ffd5e24a000 	C:\WINDOWS\system32\bcryptPrimitives.dll
0x00007ffd5f110000 - 0x00007ffd5f14b000 	C:\WINDOWS\system32\IMM32.DLL
0x000000006b280000 - 0x000000006b352000 	C:\Program Files\Java\jdk1.8.0_111\jre\bin\msvcr100.dll
0x000000006a9e0000 - 0x000000006b27a000 	C:\Program Files\Java\jdk1.8.0_111\jre\bin\server\jvm.dll
0x00007ffd5f580000 - 0x00007ffd5f588000 	C:\WINDOWS\system32\PSAPI.DLL
0x00007ffd55270000 - 0x00007ffd55279000 	C:\WINDOWS\SYSTEM32\WSOCK32.dll
0x00007ffd5f0a0000 - 0x00007ffd5f10b000 	C:\WINDOWS\system32\WS2_32.dll
0x00007ffd5c840000 - 0x00007ffd5c863000 	C:\WINDOWS\SYSTEM32\WINMM.dll
0x00007ffd5b1d0000 - 0x00007ffd5b1da000 	C:\WINDOWS\SYSTEM32\VERSION.dll
0x00007ffd5c7e0000 - 0x00007ffd5c80c000 	C:\WINDOWS\SYSTEM32\WINMMBASE.dll
0x00007ffd5e920000 - 0x00007ffd5e963000 	C:\WINDOWS\system32\cfgmgr32.dll
0x000000006b890000 - 0x000000006b89f000 	C:\Program Files\Java\jdk1.8.0_111\jre\bin\verify.dll
0x000000006b860000 - 0x000000006b889000 	C:\Program Files\Java\jdk1.8.0_111\jre\bin\java.dll
0x000000006b840000 - 0x000000006b856000 	C:\Program Files\Java\jdk1.8.0_111\jre\bin\zip.dll
0x00007ffd602c0000 - 0x00007ffd6181c000 	C:\WINDOWS\system32\SHELL32.dll
0x00007ffd5e2d0000 - 0x00007ffd5e915000 	C:\WINDOWS\system32\windows.storage.dll
0x00007ffd61a10000 - 0x00007ffd61a62000 	C:\WINDOWS\system32\shlwapi.dll
0x00007ffd5e090000 - 0x00007ffd5e09f000 	C:\WINDOWS\system32\kernel.appcore.dll
0x00007ffd5e120000 - 0x00007ffd5e1d5000 	C:\WINDOWS\system32\shcore.dll
0x00007ffd5e0b0000 - 0x00007ffd5e0fb000 	C:\WINDOWS\system32\powrprof.dll
0x00007ffd5e100000 - 0x00007ffd5e114000 	C:\WINDOWS\system32\profapi.dll
0x000000006a840000 - 0x000000006a9d8000 	C:\Program Files\Java\jdk1.8.0_111\jre\bin\awt.dll
0x00007ffd5f590000 - 0x00007ffd5f651000 	C:\WINDOWS\system32\OLEAUT32.dll
0x00007ffd5c650000 - 0x00007ffd5c6c9000 	C:\WINDOWS\system32\apphelp.dll
0x00007ffd5c960000 - 0x00007ffd5c9f6000 	C:\WINDOWS\system32\uxtheme.dll
0x00007ffd5fdb0000 - 0x00007ffd5ff0a000 	C:\WINDOWS\system32\MSCTF.dll
0x00007ffd599d0000 - 0x00007ffd599f2000 	C:\WINDOWS\system32\dwmapi.dll
0x00007ffd5f770000 - 0x00007ffd5f8b3000 	C:\WINDOWS\system32\ole32.dll
0x00007ffd5da70000 - 0x00007ffd5da87000 	C:\WINDOWS\SYSTEM32\CRYPTSP.dll
0x00007ffd5d700000 - 0x00007ffd5d734000 	C:\WINDOWS\system32\rsaenh.dll
0x00007ffd5dc90000 - 0x00007ffd5dcb9000 	C:\WINDOWS\SYSTEM32\bcrypt.dll
0x00007ffd5d850000 - 0x00007ffd5d86f000 	C:\WINDOWS\SYSTEM32\USERENV.dll
0x00007ffd5db90000 - 0x00007ffd5db9b000 	C:\WINDOWS\SYSTEM32\CRYPTBASE.dll
0x000000006a820000 - 0x000000006a83a000 	C:\Program Files\Java\jdk1.8.0_111\jre\bin\net.dll
0x00007ffd5d9c0000 - 0x00007ffd5da1c000 	C:\WINDOWS\system32\mswsock.dll
0x00007ffd5b4c0000 - 0x00007ffd5b4f8000 	C:\WINDOWS\SYSTEM32\IPHLPAPI.DLL
0x00007ffd5f090000 - 0x00007ffd5f098000 	C:\WINDOWS\system32\NSI.dll
0x00007ffd5b1b0000 - 0x00007ffd5b1c6000 	C:\WINDOWS\SYSTEM32\dhcpcsvc6.DLL
0x00007ffd5b190000 - 0x00007ffd5b1aa000 	C:\WINDOWS\SYSTEM32\dhcpcsvc.DLL
0x000000006a800000 - 0x000000006a811000 	C:\Program Files\Java\jdk1.8.0_111\jre\bin\nio.dll
0x000000006a7b0000 - 0x000000006a7f7000 	C:\Program Files\Java\jdk1.8.0_111\jre\bin\fontmanager.dll
0x000000006a760000 - 0x000000006a7a2000 	C:\Program Files\Java\jdk1.8.0_111\jre\bin\t2k.dll
0x0000000180000000 - 0x0000000180025000 	C:\Windows\System32\rxtxSerial.dll
0x000000006a730000 - 0x000000006a754000 	C:\Program Files\Java\jdk1.8.0_111\jre\bin\sunec.dll
0x000000006a700000 - 0x000000006a72a000 	C:\Program Files\Java\jdk1.8.0_111\jre\bin\dcpr.dll
0x00007ffd37930000 - 0x00007ffd37a1f000 	C:\Users\Rainman\AppData\Local\Temp\javacpp660322828321453\msvcr120.dll
0x00007ffd37880000 - 0x00007ffd37926000 	C:\Users\Rainman\AppData\Local\Temp\javacpp660322828321453\msvcp120.dll
0x00007ffd37600000 - 0x00007ffd37879000 	C:\Users\Rainman\AppData\Local\Temp\javacpp660322828321453\opencv_core310.dll
0x00007ffd352c0000 - 0x00007ffd35601000 	C:\Users\Rainman\AppData\Local\Temp\javacpp660322828321453\opencv_imgproc310.dll
0x00007ffd350c0000 - 0x00007ffd352b8000 	C:\Users\Rainman\AppData\Local\Temp\javacpp660322828321453\jniopencv_core.dll
0x00007ffd37550000 - 0x00007ffd375f6000 	C:\Users\Rainman\AppData\Local\Temp\javacpp660322828321453\jniopencv_imgproc.dll
0x00007ffd34ab0000 - 0x00007ffd34d78000 	C:\Users\Rainman\AppData\Local\Temp\javacpp660322828321453\opencv_imgcodecs310.dll
0x00007ffd41270000 - 0x00007ffd4128c000 	C:\Users\Rainman\AppData\Local\Temp\javacpp660322828321453\jniopencv_imgcodecs.dll
0x00007ffd3d2f0000 - 0x00007ffd3d343000 	C:\Users\Rainman\AppData\Local\Temp\javacpp660322828321453\opencv_videoio310.dll
0x00007ffd3d660000 - 0x00007ffd3d678000 	C:\WINDOWS\SYSTEM32\AVICAP32.dll
0x00007ffd3d640000 - 0x00007ffd3d660000 	C:\WINDOWS\SYSTEM32\AVIFIL32.dll
0x00007ffd3a2c0000 - 0x00007ffd3a2e9000 	C:\WINDOWS\SYSTEM32\MSVFW32.dll
0x00007ffd562b0000 - 0x00007ffd562cc000 	C:\WINDOWS\SYSTEM32\MSACM32.dll
0x00007ffd3a0f0000 - 0x00007ffd3a107000 	C:\Users\Rainman\AppData\Local\Temp\javacpp660322828321453\jniopencv_videoio.dll
0x00007ffd5efc0000 - 0x00007ffd5f067000 	C:\WINDOWS\system32\clbcatq.dll
0x00007ffd39fe0000 - 0x00007ffd39ff8000 	C:\Windows\System32\devenum.dll
0x00007ffd5f150000 - 0x00007ffd5f579000 	C:\WINDOWS\system32\setupapi.dll
0x00007ffd5d5e0000 - 0x00007ffd5d611000 	C:\WINDOWS\SYSTEM32\ntmarta.dll
0x00007ffd5cab0000 - 0x00007ffd5cad7000 	C:\WINDOWS\SYSTEM32\DEVOBJ.dll
0x00007ffd5e250000 - 0x00007ffd5e2a5000 	C:\WINDOWS\system32\WINTRUST.dll
0x00007ffd5e0a0000 - 0x00007ffd5e0b0000 	C:\WINDOWS\system32\MSASN1.dll
0x00007ffd5eb60000 - 0x00007ffd5ed28000 	C:\WINDOWS\system32\CRYPT32.dll
0x00007ffd4bee0000 - 0x00007ffd4beea000 	C:\WINDOWS\SYSTEM32\msdmo.dll
0x00007ffd38df0000 - 0x00007ffd38e24000 	C:\Windows\System32\qcap.dll
0x00007ffd37250000 - 0x00007ffd3741e000 	C:\Windows\System32\quartz.dll
0x00007ffd37500000 - 0x00007ffd3754f000 	C:\Windows\System32\ksproxy.ax
0x00007ffd5c540000 - 0x00007ffd5c548000 	C:\Windows\System32\ksuser.dll
0x00007ffd348a0000 - 0x00007ffd34ab0000 	C:\Windows\System32\d3d9.dll
0x00007ffd54540000 - 0x00007ffd54595000 	C:\WINDOWS\SYSTEM32\policymanager.dll
0x00007ffd53ee0000 - 0x00007ffd53f72000 	C:\Windows\System32\msvcp110_win.dll
0x00007ffd4bde0000 - 0x00007ffd4bdee000 	C:\Windows\System32\vidcap.ax
0x00007ffd39fb0000 - 0x00007ffd39fd7000 	C:\Windows\System32\kswdmcap.ax
0x00007ffd34730000 - 0x00007ffd348a0000 	C:\Windows\System32\MFC42.dll
0x00007ffd37450000 - 0x00007ffd37500000 	C:\Windows\System32\ODBC32.dll
0x00007ffd5d740000 - 0x00007ffd5d74a000 	C:\Windows\System32\DPAPI.dll
0x000000001ab80000 - 0x000000001ab97000 	C:\WINDOWS\SYSTEM32\DextUVCb_x64.ax
0x00007ffd35010000 - 0x00007ffd350bb000 	C:\Windows\System32\qedit.dll
0x00007ffd5f660000 - 0x00007ffd5f76b000 	C:\WINDOWS\system32\COMDLG32.dll
0x00007ffd5ed30000 - 0x00007ffd5edb6000 	C:\WINDOWS\system32\FirewallAPI.dll
0x00007ffd5e2b0000 - 0x00007ffd5e2c7000 	C:\WINDOWS\system32\NETAPI32.dll
0x00007ffd5c8b0000 - 0x00007ffd5c8bc000 	C:\Windows\System32\DAVHLPR.DLL
0x00007ffd55d60000 - 0x00007ffd55f08000 	C:\WINDOWS\WinSxS\amd64_microsoft.windows.gdiplus_6595b64144ccf1df_1.1.10586.545_none_d3c4a617ffcfbffc\gdiplus.dll
0x00007ffd5ce10000 - 0x00007ffd5ce42000 	C:\WINDOWS\system32\fwbase.dll
0x00007ffd4d0b0000 - 0x00007ffd4d1aa000 	C:\Windows\System32\DDRAW.dll
0x00007ffd5c200000 - 0x00007ffd5c208000 	C:\Windows\System32\DCIMAN32.dll
0x00007ffd345a0000 - 0x00007ffd3472c000 	C:\WINDOWS\SYSTEM32\dbghelp.dll

VM Arguments:
jvm_args: -Dfile.encoding=GBK 
java_command: com.bottle.app.BottleUIApp
java_class_path (initial): D:\eclipses\java-neon2\workspace\controllerUI\target\classes;D:\eclipses\java-neon2\workspace\controllerUI\jgoodies-common-1.8.0.jar;D:\eclipses\java-neon2\workspace\controllerUI\jgoodies-forms-1.8.0.jar;D:\CloudStorage\web\maven\repository\org\springframework\spring-context\4.3.3.RELEASE\spring-context-4.3.3.RELEASE.jar;D:\CloudStorage\web\maven\repository\org\springframework\spring-expression\4.3.3.RELEASE\spring-expression-4.3.3.RELEASE.jar;D:\CloudStorage\web\maven\repository\org\springframework\spring-core\4.3.3.RELEASE\spring-core-4.3.3.RELEASE.jar;D:\CloudStorage\web\maven\repository\commons-logging\commons-logging\1.2\commons-logging-1.2.jar;D:\CloudStorage\web\maven\repository\org\springframework\spring-beans\4.3.3.RELEASE\spring-beans-4.3.3.RELEASE.jar;D:\CloudStorage\web\maven\repository\org\springframework\spring-aop\4.3.3.RELEASE\spring-aop-4.3.3.RELEASE.jar;D:\CloudStorage\web\maven\repository\log4j\log4j\1.2.17\log4j-1.2.17.jar;D:\CloudStorage\web\maven\repository\junit\junit\4.12\junit-4.12.jar;D:\CloudStorage\web\maven\repository\org\hamcrest\hamcrest-core\1.3\hamcrest-core-1.3.jar;D:\CloudStorage\web\maven\repository\org\apache\maven\surefire\surefire-junit47\2.19.1\surefire-junit47-2.19.1.jar;D:\CloudStorage\web\maven\repository\org\apache\maven\surefire\common-junit48\2.19.1\common-junit48-2.19.1.jar;D:\CloudStorage\web\maven\repository\org\apache\maven\surefire\common-junit4\2.19.1\common-junit4-2.19.1.jar;D:\CloudStorage\web\maven\repository\org\apache\maven\surefire\common-junit3\2.19.1\common-junit3-2.19.1.jar;D:\CloudStorage\web\maven\repository\org\apache\maven\surefire\common-java5\2.19.1\common-java5-2.19.1.jar;D:\CloudStorage\web\maven\repository\org\apache\maven\shared\maven-shared-utils\0.9\maven-shared-utils-0.9.jar;D:\CloudStorage\web\maven\repository\com\google\code\findbugs\jsr305\2.0.1\jsr305-2.0.1.jar;D:\CloudStorage\web\maven\repository\org\apache\maven\surefire\surefire-grouper\2.19.1\surefire-group
Launcher Type: SUN_STANDARD

Environment Variables:
JAVA_HOME=C:\Program Files\Java\jdk1.8.0_111
PATH=C:/Program Files/Java/jre1.8.0_111_2/bin/server;C:/Program Files/Java/jre1.8.0_111_2/bin;C:/Program Files/Java/jre1.8.0_111_2/lib/amd64;C:\ProgramData\Oracle\Java\javapath;C:\WINDOWS\system32;C:\WINDOWS;C:\WINDOWS\System32\Wbem;C:\WINDOWS\System32\WindowsPowerShell\v1.0\;C:\Program Files\Git\cmd;D:\CloudStorage\web\maven\apache-maven-3.1.0\bin;D:\eclipses\java-neon2\eclipse;
USERNAME=Rainman
OS=Windows_NT
PROCESSOR_IDENTIFIER=Intel64 Family 6 Model 69 Stepping 1, GenuineIntel



---------------  S Y S T E M  ---------------

OS: Windows 10.0 , 64 bit Build 10586 (10.0.10586.0)

CPU:total 4 (2 cores per cpu, 2 threads per core) family 6 model 69 stepping 1, cmov, cx8, fxsr, mmx, sse, sse2, sse3, ssse3, sse4.1, sse4.2, popcnt, avx, avx2, clmul, erms, lzcnt, ht, tsc, tscinvbit, bmi1, bmi2

Memory: 4k page, physical 8085308k(1379220k free), swap 13852476k(4006988k free)

vm_info: Java HotSpot(TM) 64-Bit Server VM (25.111-b14) for windows-amd64 JRE (1.8.0_111-b14), built on Sep 22 2016 19:24:05 by "java_re" with MS VC++ 10.0 (VS2010)

time: Wed Nov 23 11:08:47 2016
elapsed time: 42 seconds (0d 0h 0m 42s)

